#
# A fatal error has been detected by the Java Runtime Environment:
#
#  EXCEPTION_ACCESS_VIOLATION (0xc0000005) at pc=0x0000000065c5db30, pid=4804, tid=0x00000000000004a8
#
# JRE version: Java(TM) SE Runtime Environment (8.0_161-b12) (build 1.8.0_161-b12)
# Java VM: Java HotSpot(TM) 64-Bit Server VM (25.161-b12 mixed mode windows-amd64 compressed oops)
# Problematic frame:
# V  [jvm.dll+0xcdb30]
#
# Failed to write core dump. Minidumps are not enabled by default on client versions of Windows
#
# If you would like to submit a bug report, please visit:
#   http://bugreport.java.com/bugreport/crash.jsp
#

---------------  T H R E A D  ---------------

Current thread (0x00000000195ff800):  JavaThread "Rengine Thread" daemon [_thread_in_vm, id=1192, stack(0x000000001acf0000,0x000000001ecf0000)]

siginfo: ExceptionCode=0xc0000005, reading address 0x000002aa99fbba51

Registers:
RAX=0x0000000000000000, RBX=0x0000000002aa99fb, RCX=0x000002aa99fbba49, RDX=0x000000001eced6b0
RSP=0x000000001ecee020, RBP=0x000000001ecee188, RSI=0x000000001eced650, RDI=0x000002aa99fbba49
R8 =0x0000000000000009, R9 =0x00000000195e6d80, R10=0x0000000016d0c630, R11=0x000000001eced9d0
R12=0x0000000000000000, R13=0x000000001a0006e0, R14=0x000000001ecef348, R15=0x00000000195ff800
RIP=0x0000000065c5db30, EFLAGS=0x0000000000010202

Top of Stack: (sp=0x000000001ecee020)
0x000000001ecee020:   000000001ecee009 0000000800000002
0x000000001ecee030:   0000000016d08400 0000000065ca5619
0x000000001ecee040:   000000001eced650 0000000002aa99fb
0x000000001ecee050:   000000001eceddd8 0000000065c5dc11
0x000000001ecee060:   00000000195ff800 000000001a0006e0
0x000000001ecee070:   00000000195ff9f8 0000000002770cf8
0x000000001ecee080:   00000000195ff800 0000000065cdf1ac
0x000000001ecee090:   0000000016d0c630 00000000195ff800
0x000000001ecee0a0:   00000000026cc060 00000000195ff800
0x000000001ecee0b0:   00000000195e4348 000000001ecee108
0x000000001ecee0c0:   00000000195ff800 00000000026cc060
0x000000001ecee0d0:   0000000000000000 000000000000000e
0x000000001ecee0e0:   0000000000000000 00000000195ff800
0x000000001ecee0f0:   0000000000000000 0000000065ccdc98
0x000000001ecee100:   0000000062d8849f 0000000066197f68
0x000000001ecee110:   00000000026cc060 00000000afc469ba 

Instructions: (pc=0x0000000065c5db30)
0x0000000065c5db10:   48 85 c9 0f 84 dc 00 00 00 57 48 83 ec 30 48 89
0x0000000065c5db20:   5c 24 28 48 8b f9 48 89 74 24 20 0f 1f 44 00 00
0x0000000065c5db30:   48 8b 47 08 48 8b 37 48 3d d8 00 00 00 74 6f 48
0x0000000065c5db40:   3d d8 03 00 00 74 4f 48 3d d8 27 00 00 74 2f 48 


Register to memory mapping:

RAX=0x0000000000000000 is an unknown value
RBX=0x0000000002aa99fb is at entry_point+59 in (nmethod*)0x0000000002aa9850
RCX=0x000002aa99fbba49 is an unknown value
RDX=0x000000001eced6b0 is pointing into the stack for thread: 0x00000000195ff800
RSP=0x000000001ecee020 is pointing into the stack for thread: 0x00000000195ff800
RBP=0x000000001ecee188 is pointing into the stack for thread: 0x00000000195ff800
RSI=0x000000001eced650 is pointing into the stack for thread: 0x00000000195ff800
RDI=0x000002aa99fbba49 is an unknown value
R8 =0x0000000000000009 is an unknown value
R9 =0x00000000195e6d80 is an unknown value
R10={method} {0x0000000016d0c638} 'jriBusy' '(I)V' in 'org/rosuda/JRI/Rengine'
R11=0x000000001eced9d0 is pointing into the stack for thread: 0x00000000195ff800
R12=0x0000000000000000 is an unknown value
R13=0x000000001a0006e0 is an unknown value
R14=0x000000001ecef348 is pointing into the stack for thread: 0x00000000195ff800
R15=0x00000000195ff800 is a thread


Stack: [0x000000001acf0000,0x000000001ecf0000],  sp=0x000000001ecee020,  free space=65528k
Native frames: (J=compiled Java code, j=interpreted, Vv=VM code, C=native code)
V  [jvm.dll+0xcdb30]
V  [jvm.dll+0xcdc11]
V  [jvm.dll+0x14f1ac]
C  [jri.dll+0x3c70]
C  [R.dll+0x11108d]
C  [R.dll+0x111581]
C  [R.dll+0x111612]
C  0x0000000002798c67

Java frames: (J=compiled Java code, j=interpreted, Vv=VM code)
J 856  org.rosuda.JRI.Rengine.rniGetStringArray(J)[Ljava/lang/String; (0 bytes) @ 0x0000000002aa99fb [0x0000000002aa99c0+0x3b]
J 1209 C2 de.walware.rj.server.jri.JRIServerRni.createDataObject(JIB)Lde/walware/rj/data/RObject; (3146 bytes) @ 0x0000000002c86f40 [0x0000000002c82180+0x4dc0]
V  [jvm.dll+0x0]
C  0x4890ffffe017e828

[error occurred during error reporting (printing Java stack), id 0xc0000005]


---------------  P R O C E S S  ---------------

Java Threads: ( => current thread )
  0x000000001962b000 JavaThread "OutPipe-5" daemon [_thread_in_native, id=6800, stack(0x0000000020750000,0x0000000020850000)]
=>0x00000000195ff800 JavaThread "Rengine Thread" daemon [_thread_in_vm, id=1192, stack(0x000000001acf0000,0x000000001ecf0000)]
  0x000000001952f000 JavaThread "RMI TCP Connection(2)-127.0.0.1" daemon [_thread_blocked, id=8732, stack(0x000000001abf0000,0x000000001acf0000)]
  0x0000000002683800 JavaThread "DestroyJavaVM" [_thread_blocked, id=14036, stack(0x0000000002570000,0x0000000002670000)]
  0x00000000195cc800 JavaThread "RMI TCP Connection(idle)" daemon [_thread_blocked, id=14948, stack(0x000000001a6c0000,0x000000001a7c0000)]
  0x000000001958a800 JavaThread "RMI Scheduler(0)" daemon [_thread_blocked, id=6612, stack(0x000000001a5c0000,0x000000001a6c0000)]
  0x000000001956d000 JavaThread "GC Daemon" daemon [_thread_blocked, id=13584, stack(0x000000001a4c0000,0x000000001a5c0000)]
  0x000000001956a800 JavaThread "RMI Reaper" [_thread_blocked, id=9320, stack(0x000000001a3c0000,0x000000001a4c0000)]
  0x0000000019569800 JavaThread "RMI TCP Accept-0" daemon [_thread_in_native, id=7696, stack(0x000000001a2c0000,0x000000001a3c0000)]
  0x000000001946e800 JavaThread "AWT-Windows" daemon [_thread_in_native, id=2464, stack(0x0000000019de0000,0x0000000019ee0000)]
  0x0000000019462000 JavaThread "Java2D Disposer" daemon [_thread_blocked, id=14064, stack(0x0000000019be0000,0x0000000019ce0000)]
  0x0000000018bf8800 JavaThread "Service Thread" daemon [_thread_blocked, id=13876, stack(0x0000000018fb0000,0x00000000190b0000)]
  0x0000000017279000 JavaThread "C1 CompilerThread2" daemon [_thread_blocked, id=8456, stack(0x0000000018ab0000,0x0000000018bb0000)]
  0x0000000017274000 JavaThread "C2 CompilerThread1" daemon [_thread_blocked, id=14576, stack(0x00000000189b0000,0x0000000018ab0000)]
  0x0000000017271000 JavaThread "C2 CompilerThread0" daemon [_thread_blocked, id=12292, stack(0x00000000188b0000,0x00000000189b0000)]
  0x000000001726f800 JavaThread "Attach Listener" daemon [_thread_blocked, id=8016, stack(0x00000000187b0000,0x00000000188b0000)]
  0x000000001726c000 JavaThread "Signal Dispatcher" daemon [_thread_blocked, id=4024, stack(0x00000000186b0000,0x00000000187b0000)]
  0x0000000002778800 JavaThread "Finalizer" daemon [_thread_blocked, id=12652, stack(0x00000000184c0000,0x00000000185c0000)]
  0x0000000002773000 JavaThread "Reference Handler" daemon [_thread_blocked, id=7236, stack(0x00000000183c0000,0x00000000184c0000)]

Other Threads:
  0x0000000017237800 VMThread [stack: 0x00000000182c0000,0x00000000183c0000] [id=12808]
  0x00000000172cb000 WatcherThread [stack: 0x00000000190b0000,0x00000000191b0000] [id=8232]

VM state:not at safepoint (normal execution)

VM Mutex/Monitor currently owned by a thread: None

Heap:
 PSYoungGen      total 70656K, used 63427K [0x00000000d6180000, 0x00000000e0780000, 0x0000000100000000)
  eden space 65536K, 88% used [0x00000000d6180000,0x00000000d9a746a8,0x00000000da180000)
  from space 5120K, 99% used [0x00000000da180000,0x00000000da67c7b8,0x00000000da680000)
  to   space 19456K, 0% used [0x00000000df480000,0x00000000df480000,0x00000000e0780000)
 ParOldGen       total 86016K, used 28852K [0x0000000082400000, 0x0000000087800000, 0x00000000d6180000)
  object space 86016K, 33% used [0x0000000082400000,0x000000008402d258,0x0000000087800000)
 Metaspace       used 13147K, capacity 13480K, committed 13696K, reserved 1060864K
  class space    used 1419K, capacity 1554K, committed 1664K, reserved 1048576K

Card table byte_map: [0x0000000011b40000,0x0000000011f30000] byte_map_base: 0x000000001172e000

Marking Bits: (ParMarkBitMap*) 0x00000000663af860
 Begin Bits: [0x00000000125d0000, 0x0000000014540000)
 End Bits:   [0x0000000014540000, 0x00000000164b0000)

Polling page: 0x0000000000c40000

CodeCache: size=245760Kb used=5431Kb max_used=5443Kb free=240328Kb
 bounds [0x0000000002780000, 0x0000000002ce0000, 0x0000000011780000]
 total_blobs=1810 nmethods=1260 adapters=463
 compilation: enabled

Compilation events (10 events):
Event: 156.566 Thread 0x0000000017279000 1256       3       java.lang.Integer::getChars (131 bytes)
Event: 156.567 Thread 0x0000000017279000 nmethod 1256 0x0000000002ccd810 code [0x0000000002ccd9a0, 0x0000000002ccde10]
Event: 156.567 Thread 0x0000000017279000 1257       3       java.lang.AbstractStringBuilder::append (62 bytes)
Event: 156.567 Thread 0x0000000017279000 nmethod 1257 0x0000000002cce250 code [0x0000000002cce440, 0x0000000002cced78]
Event: 156.568 Thread 0x0000000017279000 1258       1       java.net.InetAddress::holder (5 bytes)
Event: 156.569 Thread 0x0000000017279000 nmethod 1258 0x0000000002c7ea50 code [0x0000000002c7eba0, 0x0000000002c7ecb0]
Event: 223.307 Thread 0x0000000017279000 1259   !   3       java.io.ObjectOutputStream::writeExternalData (137 bytes)
Event: 223.308 Thread 0x0000000017279000 nmethod 1259 0x0000000002ccf290 code [0x0000000002ccf480, 0x0000000002ccfc48]
Event: 223.311 Thread 0x0000000017274000 1260       4       java.lang.Class::getClassLoader (28 bytes)
Event: 223.319 Thread 0x0000000017274000 nmethod 1260 0x0000000002cd3290 code [0x0000000002cd3460, 0x0000000002cd39e0]

GC Heap History (10 events):
Event: 22.201 GC heap before
{Heap before GC invocations=5 (full 2):
 PSYoungGen      total 37888K, used 32749K [0x00000000d6180000, 0x00000000d8b80000, 0x0000000100000000)
  eden space 32768K, 99% used [0x00000000d6180000,0x00000000d817b6b0,0x00000000d8180000)
  from space 5120K, 0% used [0x00000000d8680000,0x00000000d8680000,0x00000000d8b80000)
  to   space 5120K, 0% used [0x00000000d8180000,0x00000000d8180000,0x00000000d8680000)
 ParOldGen       total 86016K, used 1980K [0x0000000082400000, 0x0000000087800000, 0x00000000d6180000)
  object space 86016K, 2% used [0x0000000082400000,0x00000000825ef268,0x0000000087800000)
 Metaspace       used 12818K, capacity 13104K, committed 13312K, reserved 1060864K
  class space    used 1414K, capacity 1520K, committed 1536K, reserved 1048576K
Event: 22.212 GC heap after
Heap after GC invocations=5 (full 2):
 PSYoungGen      total 37888K, used 5098K [0x00000000d6180000, 0x00000000d8b80000, 0x0000000100000000)
  eden space 32768K, 0% used [0x00000000d6180000,0x00000000d6180000,0x00000000d8180000)
  from space 5120K, 99% used [0x00000000d8180000,0x00000000d867ab78,0x00000000d8680000)
  to   space 5120K, 0% used [0x00000000d8680000,0x00000000d8680000,0x00000000d8b80000)
 ParOldGen       total 86016K, used 5331K [0x0000000082400000, 0x0000000087800000, 0x00000000d6180000)
  object space 86016K, 6% used [0x0000000082400000,0x0000000082934ca8,0x0000000087800000)
 Metaspace       used 12818K, capacity 13104K, committed 13312K, reserved 1060864K
  class space    used 1414K, capacity 1520K, committed 1536K, reserved 1048576K
}
Event: 22.265 GC heap before
{Heap before GC invocations=6 (full 2):
 PSYoungGen      total 37888K, used 37866K [0x00000000d6180000, 0x00000000d8b80000, 0x0000000100000000)
  eden space 32768K, 100% used [0x00000000d6180000,0x00000000d8180000,0x00000000d8180000)
  from space 5120K, 99% used [0x00000000d8180000,0x00000000d867ab78,0x00000000d8680000)
  to   space 5120K, 0% used [0x00000000d8680000,0x00000000d8680000,0x00000000d8b80000)
 ParOldGen       total 86016K, used 5331K [0x0000000082400000, 0x0000000087800000, 0x00000000d6180000)
  object space 86016K, 6% used [0x0000000082400000,0x0000000082934ca8,0x0000000087800000)
 Metaspace       used 12822K, capacity 13104K, committed 13312K, reserved 1060864K
  class space    used 1414K, capacity 1520K, committed 1536K, reserved 1048576K
Event: 22.271 GC heap after
Heap after GC invocations=6 (full 2):
 PSYoungGen      total 37888K, used 5094K [0x00000000d6180000, 0x00000000dab80000, 0x0000000100000000)
  eden space 32768K, 0% used [0x00000000d6180000,0x00000000d6180000,0x00000000d8180000)
  from space 5120K, 99% used [0x00000000d8680000,0x00000000d8b79868,0x00000000d8b80000)
  to   space 5120K, 0% used [0x00000000d8180000,0x00000000d8180000,0x00000000d8680000)
 ParOldGen       total 86016K, used 7050K [0x0000000082400000, 0x0000000087800000, 0x00000000d6180000)
  object space 86016K, 8% used [0x0000000082400000,0x0000000082ae2888,0x0000000087800000)
 Metaspace       used 12822K, capacity 13104K, committed 13312K, reserved 1060864K
  class space    used 1414K, capacity 1520K, committed 1536K, reserved 1048576K
}
Event: 28.545 GC heap before
{Heap before GC invocations=7 (full 2):
 PSYoungGen      total 37888K, used 37862K [0x00000000d6180000, 0x00000000dab80000, 0x0000000100000000)
  eden space 32768K, 100% used [0x00000000d6180000,0x00000000d8180000,0x00000000d8180000)
  from space 5120K, 99% used [0x00000000d8680000,0x00000000d8b79868,0x00000000d8b80000)
  to   space 5120K, 0% used [0x00000000d8180000,0x00000000d8180000,0x00000000d8680000)
 ParOldGen       total 86016K, used 7050K [0x0000000082400000, 0x0000000087800000, 0x00000000d6180000)
  object space 86016K, 8% used [0x0000000082400000,0x0000000082ae2888,0x0000000087800000)
 Metaspace       used 13113K, capacity 13416K, committed 13696K, reserved 1060864K
  class space    used 1419K, capacity 1554K, committed 1664K, reserved 1048576K
Event: 28.547 GC heap after
Heap after GC invocations=7 (full 2):
 PSYoungGen      total 37888K, used 1312K [0x00000000d6180000, 0x00000000dab80000, 0x0000000100000000)
  eden space 32768K, 0% used [0x00000000d6180000,0x00000000d6180000,0x00000000d8180000)
  from space 5120K, 25% used [0x00000000d8180000,0x00000000d82c8010,0x00000000d8680000)
  to   space 5120K, 0% used [0x00000000da680000,0x00000000da680000,0x00000000dab80000)
 ParOldGen       total 86016K, used 7058K [0x0000000082400000, 0x0000000087800000, 0x00000000d6180000)
  object space 86016K, 8% used [0x0000000082400000,0x0000000082ae4888,0x0000000087800000)
 Metaspace       used 13113K, capacity 13416K, committed 13696K, reserved 1060864K
  class space    used 1419K, capacity 1554K, committed 1664K, reserved 1048576K
}
Event: 29.208 GC heap before
{Heap before GC invocations=8 (full 2):
 PSYoungGen      total 37888K, used 34080K [0x00000000d6180000, 0x00000000dab80000, 0x0000000100000000)
  eden space 32768K, 100% used [0x00000000d6180000,0x00000000d8180000,0x00000000d8180000)
  from space 5120K, 25% used [0x00000000d8180000,0x00000000d82c8010,0x00000000d8680000)
  to   space 5120K, 0% used [0x00000000da680000,0x00000000da680000,0x00000000dab80000)
 ParOldGen       total 86016K, used 7058K [0x0000000082400000, 0x0000000087800000, 0x00000000d6180000)
  object space 86016K, 8% used [0x0000000082400000,0x0000000082ae4888,0x0000000087800000)
 Metaspace       used 13117K, capacity 13416K, committed 13696K, reserved 1060864K
  class space    used 1419K, capacity 1554K, committed 1664K, reserved 1048576K
Event: 29.225 GC heap after
Heap after GC invocations=8 (full 2):
 PSYoungGen      total 70656K, used 5102K [0x00000000d6180000, 0x00000000dab80000, 0x0000000100000000)
  eden space 65536K, 0% used [0x00000000d6180000,0x00000000d6180000,0x00000000da180000)
  from space 5120K, 99% used [0x00000000da680000,0x00000000dab7bab0,0x00000000dab80000)
  to   space 5120K, 0% used [0x00000000da180000,0x00000000da180000,0x00000000da680000)
 ParOldGen       total 86016K, used 21670K [0x0000000082400000, 0x0000000087800000, 0x00000000d6180000)
  object space 86016K, 25% used [0x0000000082400000,0x0000000083929848,0x0000000087800000)
 Metaspace       used 13117K, capacity 13416K, committed 13696K, reserved 1060864K
  class space    used 1419K, capacity 1554K, committed 1664K, reserved 1048576K
}
Event: 35.764 GC heap before
{Heap before GC invocations=9 (full 2):
 PSYoungGen      total 70656K, used 70638K [0x00000000d6180000, 0x00000000dab80000, 0x0000000100000000)
  eden space 65536K, 100% used [0x00000000d6180000,0x00000000da180000,0x00000000da180000)
  from space 5120K, 99% used [0x00000000da680000,0x00000000dab7bab0,0x00000000dab80000)
  to   space 5120K, 0% used [0x00000000da180000,0x00000000da180000,0x00000000da680000)
 ParOldGen       total 86016K, used 21670K [0x0000000082400000, 0x0000000087800000, 0x00000000d6180000)
  object space 86016K, 25% used [0x0000000082400000,0x0000000083929848,0x0000000087800000)
 Metaspace       used 13140K, capacity 13480K, committed 13696K, reserved 1060864K
  class space    used 1419K, capacity 1554K, committed 1664K, reserved 1048576K
Event: 35.774 GC heap after
Heap after GC invocations=9 (full 2):
 PSYoungGen      total 70656K, used 5105K [0x00000000d6180000, 0x00000000e0780000, 0x0000000100000000)
  eden space 65536K, 0% used [0x00000000d6180000,0x00000000d6180000,0x00000000da180000)
  from space 5120K, 99% used [0x00000000da180000,0x00000000da67c7b8,0x00000000da680000)
  to   space 19456K, 0% used [0x00000000df480000,0x00000000df480000,0x00000000e0780000)
 ParOldGen       total 86016K, used 28852K [0x0000000082400000, 0x0000000087800000, 0x00000000d6180000)
  object space 86016K, 33% used [0x0000000082400000,0x000000008402d258,0x0000000087800000)
 Metaspace       used 13140K, capacity 13480K, committed 13696K, reserved 1060864K
  class space    used 1419K, capacity 1554K, committed 1664K, reserved 1048576K
}

Deoptimization events (10 events):
Event: 22.525 Thread 0x000000001952f000 Uncommon trap: reason=unstable_if action=reinterpret pc=0x0000000002b0d158 method=de.walware.rj.server.jri.JRIArrayImpl.writeExternal(Lde/walware/rj/data/RJIO;Lde/walware/rj/data/RObjectFactory;)V @ 13
Event: 22.606 Thread 0x000000001952f000 Uncommon trap: reason=unstable_if action=reinterpret pc=0x0000000002b13204 method=de.walware.rj.data.defaultImpl.AbstractFactorData.getBaseVectorRClassName()Ljava/lang/String; @ 4
Event: 22.606 Thread 0x000000001952f000 Uncommon trap: reason=unstable_if action=reinterpret pc=0x0000000002b14f74 method=de.walware.rj.data.RJIO.writeBoolean(Z)V @ 5
Event: 22.606 Thread 0x000000001952f000 Uncommon trap: reason=unstable_if action=reinterpret pc=0x0000000002b039dc method=de.walware.rj.data.defaultImpl.AbstractFactorData.getBaseVectorRClassName()Ljava/lang/String; @ 4
Event: 22.776 Thread 0x000000001952f000 Uncommon trap: reason=unstable_if action=reinterpret pc=0x0000000002b11604 method=de.walware.rj.data.RJIO.writeString(Ljava/lang/String;)V @ 6
Event: 23.035 Thread 0x00000000195ff800 Uncommon trap: reason=unstable_if action=reinterpret pc=0x0000000002b60c1c method=de.walware.rj.data.defaultImpl.RDataFrameImpl.<init>([Lde/walware/rj/data/RObject;Ljava/lang/String;[Ljava/lang/String;[Ljava/lang/String;Z)V @ 9
Event: 23.784 Thread 0x00000000195ff800 Uncommon trap: reason=unstable_if action=reinterpret pc=0x0000000002bdf21c method=de.walware.rj.server.jri.JRIServerRni.createDataObject(JIB)Lde/walware/rj/data/RObject; @ 1881
Event: 29.040 Thread 0x00000000195ff800 Uncommon trap: reason=unstable_if action=reinterpret pc=0x0000000002c380a4 method=de.walware.rj.server.jri.JRIServerRni.createDataObject(JIB)Lde/walware/rj/data/RObject; @ 1034
Event: 29.040 Thread 0x00000000195ff800 Uncommon trap: reason=unstable_if action=reinterpret pc=0x0000000002ac8cec method=de.walware.rj.server.jri.JRIVectorImpl.<init>(Lde/walware/rj/data/RStore;JLjava/lang/String;[Ljava/lang/String;)V @ 18
Event: 29.040 Thread 0x000000001952f000 Uncommon trap: reason=unstable_if action=reinterpret pc=0x0000000002b6bfd0 method=de.walware.rj.server.jri.JRIVectorImpl.writeExternal(Lde/walware/rj/data/RJIO;Lde/walware/rj/data/RObjectFactory;)V @ 46

Classes redefined (0 events):
No events

Internal exceptions (10 events):
Event: 21.800 Thread 0x00000000195ff800 Exception <a 'java/io/IOException'> (0x00000000d6d28478) thrown at [C:\re\workspace\8-2-build-windows-amd64-cygwin\jdk8u161\10277\hotspot\src\share\vm\prims\jni.cpp, line 709]
Event: 21.801 Thread 0x00000000195ff800 Exception <a 'java/io/IOException'> (0x00000000d6d29288) thrown at [C:\re\workspace\8-2-build-windows-amd64-cygwin\jdk8u161\10277\hotspot\src\share\vm\prims\jni.cpp, line 709]
Event: 21.817 Thread 0x00000000195ff800 Exception <a 'java/io/IOException'> (0x00000000d6d37758) thrown at [C:\re\workspace\8-2-build-windows-amd64-cygwin\jdk8u161\10277\hotspot\src\share\vm\prims\jni.cpp, line 709]
Event: 21.817 Thread 0x00000000195ff800 Exception <a 'java/io/IOException'> (0x00000000d6d38598) thrown at [C:\re\workspace\8-2-build-windows-amd64-cygwin\jdk8u161\10277\hotspot\src\share\vm\prims\jni.cpp, line 709]
Event: 21.829 Thread 0x00000000195ff800 Exception <a 'java/io/IOException'> (0x00000000d6d44818) thrown at [C:\re\workspace\8-2-build-windows-amd64-cygwin\jdk8u161\10277\hotspot\src\share\vm\prims\jni.cpp, line 709]
Event: 21.829 Thread 0x00000000195ff800 Exception <a 'java/io/IOException'> (0x00000000d6d45628) thrown at [C:\re\workspace\8-2-build-windows-amd64-cygwin\jdk8u161\10277\hotspot\src\share\vm\prims\jni.cpp, line 709]
Event: 21.833 Thread 0x00000000195ff800 Exception <a 'java/io/IOException'> (0x00000000d6d4db20) thrown at [C:\re\workspace\8-2-build-windows-amd64-cygwin\jdk8u161\10277\hotspot\src\share\vm\prims\jni.cpp, line 709]
Event: 21.834 Thread 0x00000000195ff800 Exception <a 'java/io/IOException'> (0x00000000d6d4e8d0) thrown at [C:\re\workspace\8-2-build-windows-amd64-cygwin\jdk8u161\10277\hotspot\src\share\vm\prims\jni.cpp, line 709]
Event: 22.525 Thread 0x000000001952f000 Implicit null exception at 0x0000000002b0b526 to 0x0000000002b0d12d
Event: 22.776 Thread 0x000000001952f000 Implicit null exception at 0x0000000002b10cfa to 0x0000000002b115ed

Events (10 events):
Event: 29.040 Thread 0x00000000195ff800 DEOPT UNPACKING pc=0x00000000027c583b sp=0x000000001eced6d8 mode 2
Event: 29.040 Thread 0x000000001952f000 Uncommon trap: trap_request=0xffffff65 fr.pc=0x0000000002b6bfd0
Event: 29.040 Thread 0x000000001952f000 DEOPT PACKING pc=0x0000000002b6bfd0 sp=0x000000001aced0a0
Event: 29.040 Thread 0x000000001952f000 DEOPT UNPACKING pc=0x00000000027c583b sp=0x000000001aced028 mode 2
Event: 29.208 Executing VM operation: ParallelGCFailedAllocation
Event: 29.225 Executing VM operation: ParallelGCFailedAllocation done
Event: 35.764 Executing VM operation: ParallelGCFailedAllocation
Event: 35.774 Executing VM operation: ParallelGCFailedAllocation done
Event: 66.559 Executing VM operation: RevokeBias
Event: 66.559 Executing VM operation: RevokeBias done


Dynamic libraries:
0x00007ff703e80000 - 0x00007ff703eb7000 	C:\Program Files\Java\jdk1.8.0_161\bin\javaw.exe
0x00007ffe3d710000 - 0x00007ffe3d8eb000 	C:\windows\SYSTEM32\ntdll.dll
0x00007ffe3bb70000 - 0x00007ffe3bc1e000 	C:\windows\System32\KERNEL32.DLL
0x00007ffe39fc0000 - 0x00007ffe3a209000 	C:\windows\System32\KERNELBASE.dll
0x00007ffe3bac0000 - 0x00007ffe3bb61000 	C:\windows\System32\ADVAPI32.dll
0x00007ffe3d670000 - 0x00007ffe3d70d000 	C:\windows\System32\msvcrt.dll
0x00007ffe3bfa0000 - 0x00007ffe3bff9000 	C:\windows\System32\sechost.dll
0x00007ffe3c0a0000 - 0x00007ffe3c1c5000 	C:\windows\System32\RPCRT4.dll
0x00007ffe3be50000 - 0x00007ffe3bf9a000 	C:\windows\System32\USER32.dll
0x00007ffe3abb0000 - 0x00007ffe3abce000 	C:\windows\System32\win32u.dll
0x00007ffe3b8c0000 - 0x00007ffe3b8e7000 	C:\windows\System32\GDI32.dll
0x00007ffe39d80000 - 0x00007ffe39f07000 	C:\windows\System32\gdi32full.dll
0x00007ffe3abd0000 - 0x00007ffe3ac6a000 	C:\windows\System32\msvcp_win.dll
0x00007ffe39c80000 - 0x00007ffe39d76000 	C:\windows\System32\ucrtbase.dll
0x00007ffe22010000 - 0x00007ffe22277000 	C:\windows\WinSxS\amd64_microsoft.windows.common-controls_6595b64144ccf1df_6.0.15063.483_none_26002d27e7c744a2\COMCTL32.dll
0x00007ffe3b5c0000 - 0x00007ffe3b8b9000 	C:\windows\System32\combase.dll
0x00007ffe3ab40000 - 0x00007ffe3abaa000 	C:\windows\System32\bcryptPrimitives.dll
0x00007ffe3b590000 - 0x00007ffe3b5bd000 	C:\windows\System32\IMM32.DLL
0x0000000067a80000 - 0x0000000067b52000 	C:\Program Files\Java\jdk1.8.0_161\jre\bin\msvcr100.dll
0x0000000065b90000 - 0x000000006642f000 	C:\Program Files\Java\jdk1.8.0_161\jre\bin\server\jvm.dll
0x00007ffe3ac90000 - 0x00007ffe3ac98000 	C:\windows\System32\PSAPI.DLL
0x00007ffe27900000 - 0x00007ffe27909000 	C:\windows\SYSTEM32\WSOCK32.dll
0x00007ffe38010000 - 0x00007ffe38033000 	C:\windows\SYSTEM32\WINMM.dll
0x00007ffe3ad00000 - 0x00007ffe3ad6c000 	C:\windows\System32\WS2_32.dll
0x00007ffe30f70000 - 0x00007ffe30f7a000 	C:\windows\SYSTEM32\VERSION.dll
0x00007ffe37d50000 - 0x00007ffe37d7b000 	C:\windows\SYSTEM32\WINMMBASE.dll
0x00007ffe39c30000 - 0x00007ffe39c79000 	C:\windows\System32\cfgmgr32.dll
0x0000000067a70000 - 0x0000000067a7f000 	C:\Program Files\Java\jdk1.8.0_161\jre\bin\verify.dll
0x0000000067a40000 - 0x0000000067a69000 	C:\Program Files\Java\jdk1.8.0_161\jre\bin\java.dll
0x0000000067a20000 - 0x0000000067a36000 	C:\Program Files\Java\jdk1.8.0_161\jre\bin\zip.dll
0x00007ffe3c230000 - 0x00007ffe3d667000 	C:\windows\System32\SHELL32.dll
0x00007ffe3ad70000 - 0x00007ffe3ae1a000 	C:\windows\System32\shcore.dll
0x00007ffe3a210000 - 0x00007ffe3a901000 	C:\windows\System32\windows.storage.dll
0x00007ffe3bdf0000 - 0x00007ffe3be41000 	C:\windows\System32\shlwapi.dll
0x00007ffe39bf0000 - 0x00007ffe39c01000 	C:\windows\System32\kernel.appcore.dll
0x00007ffe39ba0000 - 0x00007ffe39bec000 	C:\windows\System32\powrprof.dll
0x00007ffe39b80000 - 0x00007ffe39b95000 	C:\windows\System32\profapi.dll
0x0000000067a00000 - 0x0000000067a1a000 	C:\Program Files\Java\jdk1.8.0_161\jre\bin\net.dll
0x00007ffe39430000 - 0x00007ffe3948c000 	C:\windows\system32\mswsock.dll
0x0000000062d80000 - 0x0000000062d99000 	C:\Program Files\R\R-3.4.3\library\rj\jri\x64\jri.dll
0x000000006c700000 - 0x000000006e597000 	C:\Program Files\R\R-3.4.3\bin\x64\R.dll
0x00000000641c0000 - 0x00000000641d6000 	C:\Program Files\R\R-3.4.3\bin\x64\Riconv.dll
0x0000000064e80000 - 0x0000000064ed2000 	C:\Program Files\R\R-3.4.3\bin\x64\Rblas.dll
0x0000000063540000 - 0x00000000635a1000 	C:\Program Files\R\R-3.4.3\bin\x64\Rgraphapp.dll
0x00007ffe3bce0000 - 0x00007ffe3bde8000 	C:\windows\System32\comdlg32.dll
0x00007ffe2b7b0000 - 0x00007ffe2b7b7000 	C:\windows\SYSTEM32\MSIMG32.dll
0x0000000067290000 - 0x0000000067428000 	C:\Program Files\Java\jdk1.8.0_161\jre\bin\awt.dll
0x00007ffe3bc20000 - 0x00007ffe3bce0000 	C:\windows\System32\OLEAUT32.dll
0x00007ffe38230000 - 0x00007ffe382ae000 	C:\windows\SYSTEM32\apphelp.dll
0x00007ffe38460000 - 0x00007ffe384f5000 	C:\windows\system32\uxtheme.dll
0x00007ffe3b400000 - 0x00007ffe3b566000 	C:\windows\System32\MSCTF.dll
0x00007ffe17b40000 - 0x00007ffe17be1000 	C:\Program Files\Common Files\microsoft shared\ink\tiptsf.dll
0x00007ffe36dd0000 - 0x00007ffe36dfa000 	C:\windows\system32\dwmapi.dll
0x00007ffe3b970000 - 0x00007ffe3bab5000 	C:\windows\System32\ole32.dll
0x00007ffe395d0000 - 0x00007ffe395e7000 	C:\windows\SYSTEM32\CRYPTSP.dll
0x00007ffe39050000 - 0x00007ffe39084000 	C:\windows\system32\rsaenh.dll
0x00007ffe39a50000 - 0x00007ffe39a75000 	C:\windows\SYSTEM32\bcrypt.dll
0x00007ffe39ab0000 - 0x00007ffe39ad9000 	C:\windows\SYSTEM32\USERENV.dll
0x00007ffe395f0000 - 0x00007ffe395fb000 	C:\windows\SYSTEM32\CRYPTBASE.dll
0x00007ffe391d0000 - 0x00007ffe39207000 	C:\windows\SYSTEM32\IPHLPAPI.DLL
0x00007ffe3b570000 - 0x00007ffe3b578000 	C:\windows\System32\NSI.dll
0x00007ffe2f4d0000 - 0x00007ffe2f4e6000 	C:\windows\SYSTEM32\dhcpcsvc6.DLL
0x00007ffe2f770000 - 0x00007ffe2f78a000 	C:\windows\SYSTEM32\dhcpcsvc.DLL
0x00000000679e0000 - 0x00000000679f1000 	C:\Program Files\Java\jdk1.8.0_161\jre\bin\nio.dll
0x0000000064a40000 - 0x0000000064a53000 	C:\Program Files\R\R-3.4.3\library\methods\libs\x64\methods.dll
0x000000006e5c0000 - 0x000000006e5ea000 	C:\Program Files\R\R-3.4.3\library\utils\libs\x64\utils.dll
0x000000006fc80000 - 0x000000006fd8b000 	C:\Program Files\R\R-3.4.3\library\grDevices\libs\x64\grDevices.dll
0x000000006ea80000 - 0x000000006eaa8000 	C:\Program Files\R\R-3.4.3\library\grid\libs\x64\grid.dll
0x0000000063740000 - 0x0000000063788000 	C:\Program Files\R\R-3.4.3\library\graphics\libs\x64\graphics.dll
0x000000006abc0000 - 0x000000006acc5000 	C:\Program Files\R\R-3.4.3\library\Rcpp\libs\x64\Rcpp.dll
0x00000000657c0000 - 0x00000000657d7000 	C:\Program Files\R\R-3.4.3\library\colorspace\libs\x64\colorspace.dll
0x0000000071100000 - 0x00000000711aa000 	C:\Program Files\R\R-3.4.3\library\stats\libs\x64\stats.dll
0x000000002f720000 - 0x000000002f9e0000 	C:\Program Files\R\R-3.4.3\bin\x64\Rlapack.dll
0x000000002f9e0000 - 0x000000002fa9d000 	C:\Program Files\R\R-3.4.3\library\plyr\libs\x64\plyr.dll
0x0000000062dc0000 - 0x0000000062e82000 	C:\Program Files\R\R-3.4.3\library\scales\libs\x64\scales.dll
0x00000000629c0000 - 0x00000000629ce000 	C:\Program Files\R\R-3.4.3\library\lazyeval\libs\x64\lazyeval.dll
0x000000002faa0000 - 0x000000002fabb000 	C:\Program Files\R\R-3.4.3\library\rlang\libs\x64\rlang.dll
0x0000000061c00000 - 0x0000000061c0e000 	C:\Program Files\R\R-3.4.3\library\tibble\libs\x64\tibble.dll
0x0000000030230000 - 0x000000003023f000 	C:\Program Files\R\R-3.4.3\library\lattice\libs\x64\lattice.dll
0x000000006b1c0000 - 0x000000006b1dc000 	C:\Program Files\R\R-3.4.3\library\nlme\libs\x64\nlme.dll
0x0000000030550000 - 0x000000003056f000 	C:\Program Files\R\R-3.4.3\library\tools\libs\x64\tools.dll
0x000000006bd40000 - 0x000000006c163000 	C:\Program Files\R\R-3.4.3\library\stringi\libs\x64\stringi.dll
0x000000006e680000 - 0x000000006e746000 	C:\Program Files\R\R-3.4.3\library\reshape2\libs\x64\reshape2.dll
0x0000000069080000 - 0x000000006914b000 	C:\Program Files\R\R-3.4.3\library\ModelMetrics\libs\x64\ModelMetrics.dll
0x0000000065800000 - 0x00000000658bd000 	C:\Program Files\R\R-3.4.3\library\Matrix\libs\x64\Matrix.dll
0x00007ffe39a80000 - 0x00007ffe39ab0000 	C:\windows\SYSTEM32\SspiCli.dll
0x00000000687c0000 - 0x000000006889b000 	C:\Program Files\R\R-3.4.3\library\RcppRoll\libs\x64\RcppRoll.dll
0x0000000037080000 - 0x0000000037159000 	C:\Program Files\R\R-3.4.3\library\bindrcpp\libs\x64\bindrcpp.dll
0x0000000063400000 - 0x000000006340e000 	C:\Program Files\R\R-3.4.3\library\glue\libs\x64\glue.dll
0x0000000037220000 - 0x0000000037486000 	C:\Program Files\R\R-3.4.3\library\dplyr\libs\x64\dplyr.dll
0x0000000065b40000 - 0x0000000065b4f000 	C:\Program Files\R\R-3.4.3\library\purrr\libs\x64\purrr.dll
0x000000006a8c0000 - 0x000000006a98b000 	C:\Program Files\R\R-3.4.3\library\tidyr\libs\x64\tidyr.dll
0x0000000070d40000 - 0x0000000070d82000 	C:\Program Files\R\R-3.4.3\library\mnormt\libs\x64\mnormt.dll
0x0000000062a80000 - 0x0000000062a8e000 	C:\Program Files\R\R-3.4.3\library\parallel\libs\x64\parallel.dll
0x0000000037c90000 - 0x0000000037cb2000 	C:\Program Files\R\R-3.4.3\library\foreign\libs\x64\foreign.dll
0x000000006ed40000 - 0x000000006ed52000 	C:\Program Files\R\R-3.4.3\library\MASS\libs\x64\MASS.dll
0x0000000037cc0000 - 0x0000000037ccf000 	C:\Program Files\R\R-3.4.3\library\class\libs\x64\class.dll
0x000000006a100000 - 0x000000006a12e000 	C:\Program Files\R\R-3.4.3\library\robustbase\libs\x64\robustbase.dll
0x0000000069ac0000 - 0x0000000069bbc000 	C:\Program Files\R\R-3.4.3\library\ddalpha\libs\x64\ddalpha.dll
0x000000006c500000 - 0x000000006c5cf000 	C:\Program Files\R\R-3.4.3\library\kernlab\libs\x64\kernlab.dll
0x00000000703c0000 - 0x00000000703de000 	C:\Program Files\R\R-3.4.3\library\gower\libs\x64\gower.dll
0x00000000392e0000 - 0x00000000392f7000 	C:\Program Files\R\R-3.4.3\library\rpart\libs\x64\rpart.dll
0x000000006f7c0000 - 0x000000006f7cf000 	C:\Program Files\R\R-3.4.3\library\splines\libs\x64\splines.dll
0x00000000688c0000 - 0x00000000688ec000 	C:\Program Files\R\R-3.4.3\library\survival\libs\x64\survival.dll
0x000000006b480000 - 0x000000006b490000 	C:\Program Files\R\R-3.4.3\library\nnet\libs\x64\nnet.dll
0x0000000039470000 - 0x0000000039482000 	C:\Program Files\R\R-3.4.3\library\prodlim\libs\x64\prodlim.dll
0x0000000064640000 - 0x000000006464e000 	C:\Program Files\R\R-3.4.3\library\ipred\libs\x64\ipred.dll
0x0000000039490000 - 0x000000003956b000 	C:\Program Files\R\R-3.4.3\library\lubridate\libs\x64\lubridate.dll
0x0000000068900000 - 0x00000000689c2000 	C:\Program Files\R\R-3.4.3\library\tidyselect\libs\x64\tidyselect.dll
0x00000000397d0000 - 0x00000000397de000 	C:\Program Files\R\R-3.4.3\library\caret\libs\x64\caret.dll
0x000000004ad00000 - 0x000000004ada7000 	C:\Users\dj2watso\.swt\lib\win32\x86_64\swt-win32-4763.dll
0x00007ffe3a970000 - 0x00007ffe3ab39000 	C:\windows\System32\CRYPT32.dll
0x00007ffe34790000 - 0x00007ffe3481a000 	C:\windows\SYSTEM32\WINSPOOL.DRV
0x00007ffe39c10000 - 0x00007ffe39c21000 	C:\windows\System32\MSASN1.dll
0x00007ffe35e00000 - 0x00007ffe35e19000 	C:\windows\SYSTEM32\USP10.dll
0x00007ffe24970000 - 0x00007ffe24c9e000 	C:\windows\SYSTEM32\WININET.dll
0x00007ffe36c00000 - 0x00007ffe36d96000 	C:\windows\SYSTEM32\propsys.dll
0x00007ffe3c000000 - 0x00007ffe3c09e000 	C:\windows\System32\clbcatq.dll
0x0000000069640000 - 0x000000006965a000 	C:\Program Files\R\R-3.4.3\library\rj.gd\libs\x64\rj.gd.dll
0x00000000543e0000 - 0x00000000544ba000 	C:\Program Files\R\R-3.4.3\library\pryr\libs\x64\pryr.dll
0x00000000544c0000 - 0x00000000544d3000 	C:\Program Files\R\R-3.4.3\library\slam\libs\x64\slam.dll
0x0000000069d00000 - 0x000000006a022000 	C:\Program Files\R\R-3.4.3\library\xml2\libs\x64\xml2.dll
0x0000000061f80000 - 0x0000000062047000 	C:\Program Files\R\R-3.4.3\library\tm\libs\x64\tm.dll
0x00000000584f0000 - 0x000000005850e000 	C:\Program Files\R\R-3.4.3\library\digest\libs\x64\digest.dll
0x0000000065340000 - 0x00000000653fd000 	C:\Program Files\R\R-3.4.3\library\htmltools\libs\x64\htmltools.dll
0x0000000068e40000 - 0x0000000068f5f000 	C:\Program Files\R\R-3.4.3\library\httpuv\libs\x64\httpuv.dll
0x0000000064cc0000 - 0x0000000064ccd000 	C:\Program Files\R\R-3.4.3\library\mime\libs\x64\mime.dll
0x00007ffe23ee0000 - 0x00007ffe24089000 	C:\windows\SYSTEM32\dbghelp.dll

VM Arguments:
jvm_args: -Djava.security.policy=jar:file:/C:/Users/dj2watso/eclipse/java-oxygen/eclipse/../../../.p2/pool/plugins/de.walware.rj.server_2.1.0.b201703271500E46sw.jar!/localhost.policy -Djava.rmi.server.hostname=127.0.0.1 -Dfile.encoding=UTF-8 
java_command: de.walware.rj.server.RMIServerControl start rmi://127.0.0.1:51234/rjs-local-1521829359178 -auth=none -embedded -plugins=awt,swt,
java_class_path (initial): C:\Program Files\Java\jdk1.8.0_161\jre\lib\resources.jar;C:\Program Files\Java\jdk1.8.0_161\jre\lib\rt.jar;C:\Program Files\Java\jdk1.8.0_161\jre\lib\jsse.jar;C:\Program Files\Java\jdk1.8.0_161\jre\lib\jce.jar;C:\Program Files\Java\jdk1.8.0_161\jre\lib\charsets.jar;C:\Program Files\Java\jdk1.8.0_161\jre\lib\jfr.jar;C:\Program Files\Java\jdk1.8.0_161\jre\lib\ext\access-bridge-64.jar;C:\Program Files\Java\jdk1.8.0_161\jre\lib\ext\cldrdata.jar;C:\Program Files\Java\jdk1.8.0_161\jre\lib\ext\dnsns.jar;C:\Program Files\Java\jdk1.8.0_161\jre\lib\ext\jaccess.jar;C:\Program Files\Java\jdk1.8.0_161\jre\lib\ext\jfxrt.jar;C:\Program Files\Java\jdk1.8.0_161\jre\lib\ext\localedata.jar;C:\Program Files\Java\jdk1.8.0_161\jre\lib\ext\nashorn.jar;C:\Program Files\Java\jdk1.8.0_161\jre\lib\ext\sunec.jar;C:\Program Files\Java\jdk1.8.0_161\jre\lib\ext\sunjce_provider.jar;C:\Program Files\Java\jdk1.8.0_161\jre\lib\ext\sunmscapi.jar;C:\Program Files\Java\jdk1.8.0_161\jre\lib\ext\sunpkcs11.jar;C:\Program Files\Java\jdk1.8.0_161\jre\lib\ext\zipfs.jar;/C:/Users/dj2watso/eclipse/java-oxygen/eclipse/../../../.p2/pool/plugins/de.walware.rj.server_2.1.0.b201703271500E46sw.jar;/C:/Users/dj2watso/eclipse/java-oxygen/eclipse/../../../.p2/pool/plugins/de.walware.rj.data_2.1.0.b201703271500E46sw.jar;/C:/Users/dj2watso/eclipse/java-oxygen/eclipse/../../../.p2/pool/plugins/org.eclipse.swt_3.106.2.v20171129-0543.jar;/C:/Users/dj2watso/eclipse/java-oxygen/eclipse/../../../.p2/pool/plugins/org.eclipse.swt.win32.win32.x86_64_3.106.2.v20171129-0543.jar
Launcher Type: SUN_STANDARD

Environment Variables:
JAVA_HOME=C:\Program Files\Java\jdk1.8.0_161
PATH=C:\Rtools\bin;C:\Rtools\bin;C:\Program Files\R\R-3.4.3\bin\x64;C:/Program Files/Java/jre1.8.0_161/bin/server;C:/Program Files/Java/jre1.8.0_161/bin;C:/Program Files/Java/jre1.8.0_161/lib/amd64;C:\Program Files\Docker\Docker\Resources\bin;C:\Program Files (x86)\Intel\iCLS Client\;C:\Program Files\Intel\iCLS Client\;C:\ProgramData\Oracle\Java\javapath;C:\windows\system32;C:\windows;C:\windows\System32\Wbem;C:\windows\System32\WindowsPowerShell\v1.0\;C:\Program Files\PuTTY\;C:\Program Files (x86)\Intel\Intel(R) Management Engine Components\DAL;C:\Program Files\Intel\Intel(R) Management Engine Components\DAL;C:\Program Files (x86)\Intel\Intel(R) Management Engine Components\IPT;C:\Program Files\Intel\Intel(R) Management Engine Components\IPT;C:\Program Files\MiKTeX 2.9\miktex\bin\x64\;C:\Program Files\nodejs\;C:\Program Files\Git\cmd;C:\Program Files\Intel\WiFi\bin\;C:\Program Files\Common Files\Intel\WirelessCommon\;C:\Users\dj2watso\AppData\Local\Microsoft\WindowsApps;C:\Users\dj2watso\AppData\Roaming\npm;C:\Program Files\nodejs;C:\Program Files\gradle-4.5\bin;C:\Program Files\Android\tools;%ANDROID_HOME%C:\Users\dj2watso\AppData\Local\Android\Sdk;%ANDROID_SDK_ROOT%C:\Users\dj2watso\AppData\Local\Android\Sdk;C:\Users\dj2watso\AppData\Local\Android\Sdk\platform-tools;C:\Program Files\Intel\WiFi\bin\;C:\Program Files\Common Files\Intel\WirelessCommon\;C:\Users\dj2watso\eclipse-workspace\appTesting\replaykit-master\win32\;;C:\windows\system32;
USERNAME=dj2watso
OS=Windows_NT
PROCESSOR_IDENTIFIER=Intel64 Family 6 Model 142 Stepping 9, GenuineIntel



---------------  S Y S T E M  ---------------

OS: Windows 10.0 , 64 bit Build 15063 (10.0.15063.296)

CPU:total 4 (initial active 4) (2 cores per cpu, 2 threads per core) family 6 model 142 stepping 9, cmov, cx8, fxsr, mmx, sse, sse2, sse3, ssse3, sse4.1, sse4.2, popcnt, avx, avx2, aes, clmul, erms, 3dnowpref, lzcnt, ht, tsc, tscinvbit, bmi1, bmi2, adx

Memory: 4k page, physical 8240324k(829648k free), swap 14269636k(2318492k free)

vm_info: Java HotSpot(TM) 64-Bit Server VM (25.161-b12) for windows-amd64 JRE (1.8.0_161-b12), built on Dec 19 2017 17:52:25 by "java_re" with MS VC++ 10.0 (VS2010)

time: Fri Mar 23 14:26:22 2018
elapsed time: 223 seconds (0d 0h 3m 43s)

