#
# A fatal error has been detected by the Java Runtime Environment:
#
#  Internal Error (0xc0000028), pid=7128, tid=0x0000000000000c38
#
# JRE version: Java(TM) SE Runtime Environment (8.0_161-b12) (build 1.8.0_161-b12)
# Java VM: Java HotSpot(TM) 64-Bit Server VM (25.161-b12 mixed mode windows-amd64 compressed oops)
# Problematic frame:
# C  [ntdll.dll+0x4b90]
#
# Failed to write core dump. Minidumps are not enabled by default on client versions of Windows
#
# If you would like to submit a bug report, please visit:
#   http://bugreport.java.com/bugreport/crash.jsp
# The crash happened outside the Java Virtual Machine in native code.
# See problematic frame for where to report the bug.
#

---------------  T H R E A D  ---------------

Current thread (0x000000001934a800):  JavaThread "Rengine Thread" daemon [_thread_in_native, id=3128, stack(0x000000001b0e0000,0x000000001f0e0000)]

siginfo: ExceptionCode=0xc0000028

Registers:
RAX=0x0000000000000000, RBX=0x00000000c0000028, RCX=0x000000001f0d3330, RDX=0x000000006c936a50
RSP=0x000000001f0d30c0, RBP=0x000000001f0d31c0, RSI=0x000000001f0d3db0, RDI=0x000000006e4380dc
R8 =0x0000000100000000, R9 =0x000000001f0d3268, R10=0x0000000000000012, R11=0x000000001f0d32b0
R12=0x000000006c700000, R13=0x000000006c784928, R14=0x000000006e57d5a0, R15=0x00000000000003e8
RIP=0x00007ffe3d714b90, EFLAGS=0x0000000000000206

Top of Stack: (sp=0x000000001f0d30c0)
0x000000001f0d30c0:   000000001f0d3040 000000001f0d3280
0x000000001f0d30d0:   00000000c0000028 0000000000000003
0x000000001f0d30e0:   00000001c0000028 0000000000000000
0x000000001f0d30f0:   00007ffe3d714b90 00007ffe00000000
0x000000001f0d3100:   0000000000000000 0000037f00001fb2
0x000000001f0d3110:   0000000000000000 0000000000000000
0x000000001f0d3120:   0000000000000001 00007ffe3d677ce9
0x000000001f0d3130:   000000006e343f74 0000000000000000
0x000000001f0d3140:   0000000000000000 0000000000000000
0x000000001f0d3150:   000000006e343f74 00007ffe3d67445f
0x000000001f0d3160:   0000000000000000 0000000000000000
0x000000001f0d3170:   0000000000000000 0000000000000000
0x000000001f0d3180:   0000000000000000 0000000000000000
0x000000001f0d3190:   000000001f0f2590 0000000000d44320
0x000000001f0d31a0:   0000000000d4b500 00007ffe3d6aa901
0x000000001f0d31b0:   00001fb20010000f 0053002b002b0033 

Instructions: (pc=0x00007ffe3d714b90)
0x00007ffe3d714b70:   48 89 5c 24 10 55 48 8d ac 24 70 fb ff ff 48 81
0x00007ffe3d714b80:   ec 90 05 00 00 8b d9 48 8d 4d c0 e8 10 46 0a 00
0x00007ffe3d714b90:   48 8b 85 b8 00 00 00 48 8d 55 c0 33 c9 48 89 44
0x00007ffe3d714ba0:   24 30 48 89 4c 24 28 89 4c 24 38 89 5c 24 20 c7 


Register to memory mapping:

RAX=0x0000000000000000 is an unknown value
RBX=0x00000000c0000028 is an unallocated location in the heap
RCX=0x000000001f0d3330 is pointing into the stack for thread: 0x000000001934a800
RDX=0x000000006c936a50 is an unknown value
RSP=0x000000001f0d30c0 is pointing into the stack for thread: 0x000000001934a800
RBP=0x000000001f0d31c0 is pointing into the stack for thread: 0x000000001934a800
RSI=0x000000001f0d3db0 is pointing into the stack for thread: 0x000000001934a800
RDI=0x000000006e4380dc is an unknown value
R8 =0x0000000100000000 is pointing into metadata
R9 =0x000000001f0d3268 is pointing into the stack for thread: 0x000000001934a800
R10=0x0000000000000012 is an unknown value
R11=0x000000001f0d32b0 is pointing into the stack for thread: 0x000000001934a800
R12=0x000000006c700000 is an unknown value
R13=0x000000006c784928 is an unknown value
R14=0x000000006e57d5a0 is an unknown value
R15=0x00000000000003e8 is an unknown value


Stack: [0x000000001b0e0000,0x000000001f0e0000],  sp=0x000000001f0d30c0,  free space=65484k
Native frames: (J=compiled Java code, j=interpreted, Vv=VM code, C=native code)
C  [ntdll.dll+0x4b90]
C  [ntdll.dll+0x18fac]
C  [msvcrt.dll+0x71f4a]
C  [R.dll+0x836a8]
C  [R.dll+0xca310]
C  [R.dll+0xc9330]
C  [R.dll+0xc9e64]
C  [R.dll+0xca10b]
C  [R.dll+0x11660d]
C  [R.dll+0x1a4fd8]
C  [jri.dll+0x386b]
C  0x0000000002903ac3

Java frames: (J=compiled Java code, j=interpreted, Vv=VM code)
J 854  org.rosuda.JRI.Rengine.rniGetStringArray(J)[Ljava/lang/String; (0 bytes) @ 0x000000000290397b [0x0000000002903940+0x3b]
J 1224 C1 de.walware.rj.server.jri.JRIServerRni.createDataObject(JIB)Lde/walware/rj/data/RObject; (3146 bytes) @ 0x0000000002a8e2cc [0x0000000002a894c0+0x4e0c]
J 1224 C1 de.walware.rj.server.jri.JRIServerRni.createDataObject(JIB)Lde/walware/rj/data/RObject; (3146 bytes) @ 0x0000000002a8ad94 [0x0000000002a894c0+0x18d4]
j  de.walware.rj.server.jri.JRIServerRni.createDataObject(JIB)Lde/walware/rj/data/RObject;+2637
j  de.walware.rj.server.jri.JRIServerRni.createDataObject(JI)Lde/walware/rj/data/RObject;+28
j  de.walware.rj.server.jri.JRIServer.internalEvalData(Lde/walware/rj/server/DataCmdItem;)Lde/walware/rj/server/DataCmdItem;+510
j  de.walware.rj.server.jri.JRIServer.internalMainFromR(Lde/walware/rj/server/MainCmdItem;)Lde/walware/rj/server/MainCmdItem;+709
j  de.walware.rj.server.jri.JRIServer.rReadConsole(Lorg/rosuda/JRI/Rengine;Ljava/lang/String;I)Ljava/lang/String;+73
j  org.rosuda.JRI.Rengine.jriReadConsole(Ljava/lang/String;I)Ljava/lang/String;+52
v  ~StubRoutines::call_stub
j  org.rosuda.JRI.Rengine.rniRunMainLoop()V+0
j  org.rosuda.JRI.Rengine.run()V+81
v  ~StubRoutines::call_stub

---------------  P R O C E S S  ---------------

Java Threads: ( => current thread )
  0x000000001937f800 JavaThread "RMI TCP Connection(idle)" daemon [_thread_blocked, id=7640, stack(0x000000006f7d0000,0x000000006f8d0000)]
  0x000000001937b800 JavaThread "OutPipe-5" daemon [_thread_in_native, id=6924, stack(0x00000000204a0000,0x00000000205a0000)]
=>0x000000001934a800 JavaThread "Rengine Thread" daemon [_thread_in_native, id=3128, stack(0x000000001b0e0000,0x000000001f0e0000)]
  0x0000000019244800 JavaThread "RMI TCP Connection(4)-127.0.0.1" daemon [_thread_blocked, id=6164, stack(0x000000001afe0000,0x000000001b0e0000)]
  0x00000000024e3800 JavaThread "DestroyJavaVM" [_thread_blocked, id=14908, stack(0x00000000023e0000,0x00000000024e0000)]
  0x00000000192da800 JavaThread "RMI Scheduler(0)" daemon [_thread_blocked, id=748, stack(0x000000001ade0000,0x000000001aee0000)]
  0x00000000192c3800 JavaThread "GC Daemon" daemon [_thread_blocked, id=8340, stack(0x000000001ace0000,0x000000001ade0000)]
  0x00000000192c2800 JavaThread "RMI Reaper" [_thread_blocked, id=6448, stack(0x000000001abe0000,0x000000001ace0000)]
  0x00000000192c1800 JavaThread "RMI TCP Accept-0" daemon [_thread_in_native, id=14304, stack(0x000000001aae0000,0x000000001abe0000)]
  0x00000000191cd000 JavaThread "AWT-Windows" daemon [_thread_in_native, id=11220, stack(0x0000000019b30000,0x0000000019c30000)]
  0x00000000191a5000 JavaThread "Java2D Disposer" daemon [_thread_blocked, id=13948, stack(0x0000000019930000,0x0000000019a30000)]
  0x0000000018a32800 JavaThread "Service Thread" daemon [_thread_blocked, id=9628, stack(0x0000000018e00000,0x0000000018f00000)]
  0x00000000170a2800 JavaThread "C1 CompilerThread2" daemon [_thread_blocked, id=8992, stack(0x0000000018900000,0x0000000018a00000)]
  0x000000001709e000 JavaThread "C2 CompilerThread1" daemon [_thread_in_native, id=13512, stack(0x0000000018800000,0x0000000018900000)]
  0x00000000170ac000 JavaThread "C2 CompilerThread0" daemon [_thread_blocked, id=1560, stack(0x0000000018700000,0x0000000018800000)]
  0x00000000170aa800 JavaThread "Attach Listener" daemon [_thread_blocked, id=11424, stack(0x0000000018600000,0x0000000018700000)]
  0x00000000170a9000 JavaThread "Signal Dispatcher" daemon [_thread_blocked, id=6120, stack(0x0000000018500000,0x0000000018600000)]
  0x0000000017089000 JavaThread "Finalizer" daemon [_thread_blocked, id=7288, stack(0x0000000018300000,0x0000000018400000)]
  0x00000000025d4000 JavaThread "Reference Handler" daemon [_thread_blocked, id=14324, stack(0x0000000018200000,0x0000000018300000)]

Other Threads:
  0x0000000017068000 VMThread [stack: 0x0000000018100000,0x0000000018200000] [id=5708]
  0x0000000018a47800 WatcherThread [stack: 0x0000000018f00000,0x0000000019000000] [id=13688]

VM state:not at safepoint (normal execution)

VM Mutex/Monitor currently owned by a thread: None

Heap:
 PSYoungGen      total 37888K, used 12247K [0x00000000d6180000, 0x00000000dab80000, 0x0000000100000000)
  eden space 32768K, 33% used [0x00000000d6180000,0x00000000d6c2de98,0x00000000d8180000)
  from space 5120K, 25% used [0x00000000d8180000,0x00000000d82c8010,0x00000000d8680000)
  to   space 5120K, 0% used [0x00000000da680000,0x00000000da680000,0x00000000dab80000)
 ParOldGen       total 86016K, used 7007K [0x0000000082400000, 0x0000000087800000, 0x00000000d6180000)
  object space 86016K, 8% used [0x0000000082400000,0x0000000082ad7e18,0x0000000087800000)
 Metaspace       used 13161K, capacity 13480K, committed 13696K, reserved 1060864K
  class space    used 1424K, capacity 1554K, committed 1664K, reserved 1048576K

Card table byte_map: [0x00000000119a0000,0x0000000011d90000] byte_map_base: 0x000000001158e000

Marking Bits: (ParMarkBitMap*) 0x00000000663af860
 Begin Bits: [0x0000000012430000, 0x00000000143a0000)
 End Bits:   [0x00000000143a0000, 0x0000000016310000)

Polling page: 0x0000000000d30000

CodeCache: size=245760Kb used=4849Kb max_used=4860Kb free=240911Kb
 bounds [0x00000000025e0000, 0x0000000002ab0000, 0x00000000115e0000]
 total_blobs=1779 nmethods=1229 adapters=463
 compilation: enabled

Compilation events (10 events):
Event: 178.516 Thread 0x00000000170ac000 nmethod 1223 0x0000000002a84ed0 code [0x0000000002a85020, 0x0000000002a851f8]
Event: 178.517 Thread 0x000000001709e000 nmethod 1227 0x0000000002a84bd0 code [0x0000000002a84d00, 0x0000000002a84dd8]
Event: 178.522 Thread 0x00000000170ac000 1228       4       de.walware.rj.data.defaultImpl.RFactorDataStruct::<init> (15 bytes)
Event: 178.522 Thread 0x00000000170ac000 nmethod 1228 0x000000000297f810 code [0x000000000297f940, 0x000000000297f9b8]
Event: 178.528 Thread 0x00000000170a2800 nmethod 1224 0x0000000002a881d0 code [0x0000000002a894c0, 0x0000000002a94de8]
Event: 178.528 Thread 0x00000000170a2800 1225       3       de.walware.rj.server.jri.JRIVectorImpl::<init> (89 bytes)
Event: 178.529 Thread 0x000000001709e000 1229   !   4       de.walware.rj.server.jri.JRIServerRni::createDataObject (3146 bytes)
Event: 178.529 Thread 0x00000000170a2800 nmethod 1225 0x0000000002a83c90 code [0x0000000002a83e80, 0x0000000002a84778]
Event: 178.533 Thread 0x00000000170ac000 1230       4       de.walware.rj.server.jri.JRIVectorImpl::<init> (89 bytes)
Event: 178.535 Thread 0x00000000170ac000 nmethod 1230 0x0000000002aa16d0 code [0x0000000002aa1820, 0x0000000002aa19d8]

GC Heap History (10 events):
Event: 0.683 GC heap before
{Heap before GC invocations=3 (full 1):
 PSYoungGen      total 37888K, used 3277K [0x00000000d6180000, 0x00000000d8b80000, 0x0000000100000000)
  eden space 32768K, 10% used [0x00000000d6180000,0x00000000d64b3658,0x00000000d8180000)
  from space 5120K, 0% used [0x00000000d8180000,0x00000000d8180000,0x00000000d8680000)
  to   space 5120K, 0% used [0x00000000d8680000,0x00000000d8680000,0x00000000d8b80000)
 ParOldGen       total 86016K, used 2138K [0x0000000082400000, 0x0000000087800000, 0x00000000d6180000)
  object space 86016K, 2% used [0x0000000082400000,0x0000000082616920,0x0000000087800000)
 Metaspace       used 10253K, capacity 10538K, committed 10880K, reserved 1058816K
  class space    used 1199K, capacity 1287K, committed 1408K, reserved 1048576K
Event: 0.684 GC heap after
Heap after GC invocations=3 (full 1):
 PSYoungGen      total 37888K, used 352K [0x00000000d6180000, 0x00000000d8b80000, 0x0000000100000000)
  eden space 32768K, 0% used [0x00000000d6180000,0x00000000d6180000,0x00000000d8180000)
  from space 5120K, 6% used [0x00000000d8680000,0x00000000d86d8000,0x00000000d8b80000)
  to   space 5120K, 0% used [0x00000000d8180000,0x00000000d8180000,0x00000000d8680000)
 ParOldGen       total 86016K, used 2146K [0x0000000082400000, 0x0000000087800000, 0x00000000d6180000)
  object space 86016K, 2% used [0x0000000082400000,0x0000000082618920,0x0000000087800000)
 Metaspace       used 10253K, capacity 10538K, committed 10880K, reserved 1058816K
  class space    used 1199K, capacity 1287K, committed 1408K, reserved 1048576K
}
Event: 0.684 GC heap before
{Heap before GC invocations=4 (full 2):
 PSYoungGen      total 37888K, used 352K [0x00000000d6180000, 0x00000000d8b80000, 0x0000000100000000)
  eden space 32768K, 0% used [0x00000000d6180000,0x00000000d6180000,0x00000000d8180000)
  from space 5120K, 6% used [0x00000000d8680000,0x00000000d86d8000,0x00000000d8b80000)
  to   space 5120K, 0% used [0x00000000d8180000,0x00000000d8180000,0x00000000d8680000)
 ParOldGen       total 86016K, used 2146K [0x0000000082400000, 0x0000000087800000, 0x00000000d6180000)
  object space 86016K, 2% used [0x0000000082400000,0x0000000082618920,0x0000000087800000)
 Metaspace       used 10253K, capacity 10538K, committed 10880K, reserved 1058816K
  class space    used 1199K, capacity 1287K, committed 1408K, reserved 1048576K
Event: 0.708 GC heap after
Heap after GC invocations=4 (full 2):
 PSYoungGen      total 37888K, used 0K [0x00000000d6180000, 0x00000000d8b80000, 0x0000000100000000)
  eden space 32768K, 0% used [0x00000000d6180000,0x00000000d6180000,0x00000000d8180000)
  from space 5120K, 0% used [0x00000000d8680000,0x00000000d8680000,0x00000000d8b80000)
  to   space 5120K, 0% used [0x00000000d8180000,0x00000000d8180000,0x00000000d8680000)
 ParOldGen       total 86016K, used 1980K [0x0000000082400000, 0x0000000087800000, 0x00000000d6180000)
  object space 86016K, 2% used [0x0000000082400000,0x00000000825ef218,0x0000000087800000)
 Metaspace       used 10253K, capacity 10538K, committed 10880K, reserved 1058816K
  class space    used 1199K, capacity 1287K, committed 1408K, reserved 1048576K
}
Event: 21.242 GC heap before
{Heap before GC invocations=5 (full 2):
 PSYoungGen      total 37888K, used 32750K [0x00000000d6180000, 0x00000000d8b80000, 0x0000000100000000)
  eden space 32768K, 99% used [0x00000000d6180000,0x00000000d817b9e8,0x00000000d8180000)
  from space 5120K, 0% used [0x00000000d8680000,0x00000000d8680000,0x00000000d8b80000)
  to   space 5120K, 0% used [0x00000000d8180000,0x00000000d8180000,0x00000000d8680000)
 ParOldGen       total 86016K, used 1980K [0x0000000082400000, 0x0000000087800000, 0x00000000d6180000)
  object space 86016K, 2% used [0x0000000082400000,0x00000000825ef218,0x0000000087800000)
 Metaspace       used 12815K, capacity 13104K, committed 13312K, reserved 1060864K
  class space    used 1414K, capacity 1520K, committed 1536K, reserved 1048576K
Event: 21.249 GC heap after
Heap after GC invocations=5 (full 2):
 PSYoungGen      total 37888K, used 5093K [0x00000000d6180000, 0x00000000d8b80000, 0x0000000100000000)
  eden space 32768K, 0% used [0x00000000d6180000,0x00000000d6180000,0x00000000d8180000)
  from space 5120K, 99% used [0x00000000d8180000,0x00000000d8679648,0x00000000d8680000)
  to   space 5120K, 0% used [0x00000000d8680000,0x00000000d8680000,0x00000000d8b80000)
 ParOldGen       total 86016K, used 5324K [0x0000000082400000, 0x0000000087800000, 0x00000000d6180000)
  object space 86016K, 6% used [0x0000000082400000,0x0000000082933028,0x0000000087800000)
 Metaspace       used 12815K, capacity 13104K, committed 13312K, reserved 1060864K
  class space    used 1414K, capacity 1520K, committed 1536K, reserved 1048576K
}
Event: 21.303 GC heap before
{Heap before GC invocations=6 (full 2):
 PSYoungGen      total 37888K, used 37861K [0x00000000d6180000, 0x00000000d8b80000, 0x0000000100000000)
  eden space 32768K, 100% used [0x00000000d6180000,0x00000000d8180000,0x00000000d8180000)
  from space 5120K, 99% used [0x00000000d8180000,0x00000000d8679648,0x00000000d8680000)
  to   space 5120K, 0% used [0x00000000d8680000,0x00000000d8680000,0x00000000d8b80000)
 ParOldGen       total 86016K, used 5324K [0x0000000082400000, 0x0000000087800000, 0x00000000d6180000)
  object space 86016K, 6% used [0x0000000082400000,0x0000000082933028,0x0000000087800000)
 Metaspace       used 12820K, capacity 13104K, committed 13312K, reserved 1060864K
  class space    used 1414K, capacity 1520K, committed 1536K, reserved 1048576K
Event: 21.308 GC heap after
Heap after GC invocations=6 (full 2):
 PSYoungGen      total 37888K, used 5112K [0x00000000d6180000, 0x00000000dab80000, 0x0000000100000000)
  eden space 32768K, 0% used [0x00000000d6180000,0x00000000d6180000,0x00000000d8180000)
  from space 5120K, 99% used [0x00000000d8680000,0x00000000d8b7e138,0x00000000d8b80000)
  to   space 5120K, 0% used [0x00000000d8180000,0x00000000d8180000,0x00000000d8680000)
 ParOldGen       total 86016K, used 6999K [0x0000000082400000, 0x0000000087800000, 0x00000000d6180000)
  object space 86016K, 8% used [0x0000000082400000,0x0000000082ad5e18,0x0000000087800000)
 Metaspace       used 12820K, capacity 13104K, committed 13312K, reserved 1060864K
  class space    used 1414K, capacity 1520K, committed 1536K, reserved 1048576K
}
Event: 65.687 GC heap before
{Heap before GC invocations=7 (full 2):
 PSYoungGen      total 37888K, used 37880K [0x00000000d6180000, 0x00000000dab80000, 0x0000000100000000)
  eden space 32768K, 100% used [0x00000000d6180000,0x00000000d8180000,0x00000000d8180000)
  from space 5120K, 99% used [0x00000000d8680000,0x00000000d8b7e138,0x00000000d8b80000)
  to   space 5120K, 0% used [0x00000000d8180000,0x00000000d8180000,0x00000000d8680000)
 ParOldGen       total 86016K, used 6999K [0x0000000082400000, 0x0000000087800000, 0x00000000d6180000)
  object space 86016K, 8% used [0x0000000082400000,0x0000000082ad5e18,0x0000000087800000)
 Metaspace       used 13113K, capacity 13480K, committed 13696K, reserved 1060864K
  class space    used 1419K, capacity 1554K, committed 1664K, reserved 1048576K
Event: 65.693 GC heap after
Heap after GC invocations=7 (full 2):
 PSYoungGen      total 37888K, used 1312K [0x00000000d6180000, 0x00000000dab80000, 0x0000000100000000)
  eden space 32768K, 0% used [0x00000000d6180000,0x00000000d6180000,0x00000000d8180000)
  from space 5120K, 25% used [0x00000000d8180000,0x00000000d82c8010,0x00000000d8680000)
  to   space 5120K, 0% used [0x00000000da680000,0x00000000da680000,0x00000000dab80000)
 ParOldGen       total 86016K, used 7007K [0x0000000082400000, 0x0000000087800000, 0x00000000d6180000)
  object space 86016K, 8% used [0x0000000082400000,0x0000000082ad7e18,0x0000000087800000)
 Metaspace       used 13113K, capacity 13480K, committed 13696K, reserved 1060864K
  class space    used 1419K, capacity 1554K, committed 1664K, reserved 1048576K
}

Deoptimization events (10 events):
Event: 21.388 Thread 0x0000000019244800 Uncommon trap: reason=unstable_if action=reinterpret pc=0x000000000294a1f4 method=de.walware.rj.data.RJIO.writeString(Ljava/lang/String;)V @ 55
Event: 21.565 Thread 0x0000000019244800 Uncommon trap: reason=unstable_if action=reinterpret pc=0x0000000002970b54 method=de.walware.rj.server.jri.JRIArrayImpl.writeExternal(Lde/walware/rj/data/RJIO;Lde/walware/rj/data/RObjectFactory;)V @ 13
Event: 21.663 Thread 0x0000000019244800 Uncommon trap: reason=unstable_if action=reinterpret pc=0x0000000002977504 method=de.walware.rj.data.defaultImpl.AbstractFactorData.getBaseVectorRClassName()Ljava/lang/String; @ 4
Event: 21.663 Thread 0x0000000019244800 Uncommon trap: reason=unstable_if action=reinterpret pc=0x000000000294de34 method=de.walware.rj.data.RJIO.writeBoolean(Z)V @ 5
Event: 21.663 Thread 0x0000000019244800 Uncommon trap: reason=unstable_if action=reinterpret pc=0x000000000294e89c method=de.walware.rj.data.defaultImpl.AbstractFactorData.getBaseVectorRClassName()Ljava/lang/String; @ 4
Event: 21.821 Thread 0x0000000019244800 Uncommon trap: reason=unstable_if action=reinterpret pc=0x0000000002989438 method=de.walware.rj.data.RJIO.writeString(Ljava/lang/String;)V @ 6
Event: 22.058 Thread 0x000000001934a800 Uncommon trap: reason=unstable_if action=reinterpret pc=0x00000000029b62a8 method=de.walware.rj.data.defaultImpl.RDataFrameImpl.<init>([Lde/walware/rj/data/RObject;Ljava/lang/String;[Ljava/lang/String;[Ljava/lang/String;Z)V @ 9
Event: 124.987 Thread 0x000000001934a800 Uncommon trap: reason=unstable_if action=reinterpret pc=0x0000000002a1ae70 method=de.walware.rj.server.jri.JRIServerRni.createDataObject(JIB)Lde/walware/rj/data/RObject; @ 384
Event: 124.989 Thread 0x0000000019244800 Uncommon trap: reason=unstable_if action=reinterpret pc=0x00000000029a4b78 method=de.walware.rj.server.jri.JRIVectorImpl.writeExternal(Lde/walware/rj/data/RJIO;Lde/walware/rj/data/RObjectFactory;)V @ 46
Event: 178.507 Thread 0x000000001934a800 Uncommon trap: reason=unstable_if action=reinterpret pc=0x0000000002922cac method=de.walware.rj.server.jri.JRIVectorImpl.<init>(Lde/walware/rj/data/RStore;JLjava/lang/String;[Ljava/lang/String;)V @ 18

Classes redefined (0 events):
No events

Internal exceptions (10 events):
Event: 20.939 Thread 0x000000001934a800 Exception <a 'java/io/IOException'> (0x00000000d6d296e0) thrown at [C:\re\workspace\8-2-build-windows-amd64-cygwin\jdk8u161\10277\hotspot\src\share\vm\prims\jni.cpp, line 709]
Event: 20.957 Thread 0x000000001934a800 Exception <a 'java/io/IOException'> (0x00000000d6d37bb0) thrown at [C:\re\workspace\8-2-build-windows-amd64-cygwin\jdk8u161\10277\hotspot\src\share\vm\prims\jni.cpp, line 709]
Event: 20.957 Thread 0x000000001934a800 Exception <a 'java/io/IOException'> (0x00000000d6d389b0) thrown at [C:\re\workspace\8-2-build-windows-amd64-cygwin\jdk8u161\10277\hotspot\src\share\vm\prims\jni.cpp, line 709]
Event: 20.968 Thread 0x000000001934a800 Exception <a 'java/io/IOException'> (0x00000000d6d44c30) thrown at [C:\re\workspace\8-2-build-windows-amd64-cygwin\jdk8u161\10277\hotspot\src\share\vm\prims\jni.cpp, line 709]
Event: 20.969 Thread 0x000000001934a800 Exception <a 'java/io/IOException'> (0x00000000d6d45a40) thrown at [C:\re\workspace\8-2-build-windows-amd64-cygwin\jdk8u161\10277\hotspot\src\share\vm\prims\jni.cpp, line 709]
Event: 20.972 Thread 0x000000001934a800 Exception <a 'java/io/IOException'> (0x00000000d6d4df38) thrown at [C:\re\workspace\8-2-build-windows-amd64-cygwin\jdk8u161\10277\hotspot\src\share\vm\prims\jni.cpp, line 709]
Event: 20.972 Thread 0x000000001934a800 Exception <a 'java/io/IOException'> (0x00000000d6d4ece8) thrown at [C:\re\workspace\8-2-build-windows-amd64-cygwin\jdk8u161\10277\hotspot\src\share\vm\prims\jni.cpp, line 709]
Event: 21.565 Thread 0x0000000019244800 Implicit null exception at 0x000000000296f400 to 0x0000000002970b2d
Event: 21.821 Thread 0x0000000019244800 Implicit null exception at 0x000000000298897a to 0x0000000002989421
Event: 124.976 Thread 0x0000000019244800 Exception <a 'java/lang/NoSuchMethodError': <clinit>> (0x00000000d62bc150) thrown at [C:\re\workspace\8-2-build-windows-amd64-cygwin\jdk8u161\10277\hotspot\src\share\vm\prims\jni.cpp, line 1613]

Events (10 events):
Event: 124.989 Thread 0x0000000019244800 DEOPT PACKING pc=0x00000000029a4b78 sp=0x000000001b0dd150
Event: 124.989 Thread 0x0000000019244800 DEOPT UNPACKING pc=0x000000000262583b sp=0x000000001b0dd0c8 mode 2
Event: 155.708 Thread 0x000000001937f800 Thread added: 0x000000001937f800
Event: 155.708 Executing VM operation: RevokeBias
Event: 155.708 Executing VM operation: RevokeBias done
Event: 155.709 Executing VM operation: RevokeBias
Event: 155.710 Executing VM operation: RevokeBias done
Event: 178.507 Thread 0x000000001934a800 Uncommon trap: trap_request=0xffffff65 fr.pc=0x0000000002922cac
Event: 178.507 Thread 0x000000001934a800 DEOPT PACKING pc=0x0000000002922cac sp=0x000000001f0dd2a0
Event: 178.507 Thread 0x000000001934a800 DEOPT UNPACKING pc=0x000000000262583b sp=0x000000001f0dd268 mode 2


Dynamic libraries:
0x00007ff703e80000 - 0x00007ff703eb7000 	C:\Program Files\Java\jdk1.8.0_161\bin\javaw.exe
0x00007ffe3d710000 - 0x00007ffe3d8eb000 	C:\windows\SYSTEM32\ntdll.dll
0x00007ffe3bb70000 - 0x00007ffe3bc1e000 	C:\windows\System32\KERNEL32.DLL
0x00007ffe39fc0000 - 0x00007ffe3a209000 	C:\windows\System32\KERNELBASE.dll
0x00007ffe3bac0000 - 0x00007ffe3bb61000 	C:\windows\System32\ADVAPI32.dll
0x00007ffe3d670000 - 0x00007ffe3d70d000 	C:\windows\System32\msvcrt.dll
0x00007ffe3bfa0000 - 0x00007ffe3bff9000 	C:\windows\System32\sechost.dll
0x00007ffe3c0a0000 - 0x00007ffe3c1c5000 	C:\windows\System32\RPCRT4.dll
0x00007ffe3be50000 - 0x00007ffe3bf9a000 	C:\windows\System32\USER32.dll
0x00007ffe3abb0000 - 0x00007ffe3abce000 	C:\windows\System32\win32u.dll
0x00007ffe3b8c0000 - 0x00007ffe3b8e7000 	C:\windows\System32\GDI32.dll
0x00007ffe39d80000 - 0x00007ffe39f07000 	C:\windows\System32\gdi32full.dll
0x00007ffe3abd0000 - 0x00007ffe3ac6a000 	C:\windows\System32\msvcp_win.dll
0x00007ffe39c80000 - 0x00007ffe39d76000 	C:\windows\System32\ucrtbase.dll
0x00007ffe22010000 - 0x00007ffe22277000 	C:\windows\WinSxS\amd64_microsoft.windows.common-controls_6595b64144ccf1df_6.0.15063.483_none_26002d27e7c744a2\COMCTL32.dll
0x00007ffe3b5c0000 - 0x00007ffe3b8b9000 	C:\windows\System32\combase.dll
0x00007ffe3ab40000 - 0x00007ffe3abaa000 	C:\windows\System32\bcryptPrimitives.dll
0x00007ffe3b590000 - 0x00007ffe3b5bd000 	C:\windows\System32\IMM32.DLL
0x0000000067a80000 - 0x0000000067b52000 	C:\Program Files\Java\jdk1.8.0_161\jre\bin\msvcr100.dll
0x0000000065b90000 - 0x000000006642f000 	C:\Program Files\Java\jdk1.8.0_161\jre\bin\server\jvm.dll
0x00007ffe3ac90000 - 0x00007ffe3ac98000 	C:\windows\System32\PSAPI.DLL
0x00007ffe27900000 - 0x00007ffe27909000 	C:\windows\SYSTEM32\WSOCK32.dll
0x00007ffe30f70000 - 0x00007ffe30f7a000 	C:\windows\SYSTEM32\VERSION.dll
0x00007ffe38010000 - 0x00007ffe38033000 	C:\windows\SYSTEM32\WINMM.dll
0x00007ffe3ad00000 - 0x00007ffe3ad6c000 	C:\windows\System32\WS2_32.dll
0x00007ffe37d50000 - 0x00007ffe37d7b000 	C:\windows\SYSTEM32\WINMMBASE.dll
0x00007ffe39c30000 - 0x00007ffe39c79000 	C:\windows\System32\cfgmgr32.dll
0x0000000067a70000 - 0x0000000067a7f000 	C:\Program Files\Java\jdk1.8.0_161\jre\bin\verify.dll
0x0000000067a40000 - 0x0000000067a69000 	C:\Program Files\Java\jdk1.8.0_161\jre\bin\java.dll
0x0000000067a20000 - 0x0000000067a36000 	C:\Program Files\Java\jdk1.8.0_161\jre\bin\zip.dll
0x00007ffe3c230000 - 0x00007ffe3d667000 	C:\windows\System32\SHELL32.dll
0x00007ffe3ad70000 - 0x00007ffe3ae1a000 	C:\windows\System32\shcore.dll
0x00007ffe3a210000 - 0x00007ffe3a901000 	C:\windows\System32\windows.storage.dll
0x00007ffe3bdf0000 - 0x00007ffe3be41000 	C:\windows\System32\shlwapi.dll
0x00007ffe39bf0000 - 0x00007ffe39c01000 	C:\windows\System32\kernel.appcore.dll
0x00007ffe39ba0000 - 0x00007ffe39bec000 	C:\windows\System32\powrprof.dll
0x00007ffe39b80000 - 0x00007ffe39b95000 	C:\windows\System32\profapi.dll
0x0000000067a00000 - 0x0000000067a1a000 	C:\Program Files\Java\jdk1.8.0_161\jre\bin\net.dll
0x00007ffe39430000 - 0x00007ffe3948c000 	C:\windows\system32\mswsock.dll
0x0000000062d80000 - 0x0000000062d99000 	C:\Program Files\R\R-3.4.3\library\rj\jri\x64\jri.dll
0x000000006c700000 - 0x000000006e597000 	C:\Program Files\R\R-3.4.3\bin\x64\R.dll
0x0000000064e80000 - 0x0000000064ed2000 	C:\Program Files\R\R-3.4.3\bin\x64\Rblas.dll
0x00000000641c0000 - 0x00000000641d6000 	C:\Program Files\R\R-3.4.3\bin\x64\Riconv.dll
0x0000000063540000 - 0x00000000635a1000 	C:\Program Files\R\R-3.4.3\bin\x64\Rgraphapp.dll
0x00007ffe3bce0000 - 0x00007ffe3bde8000 	C:\windows\System32\comdlg32.dll
0x00007ffe2b7b0000 - 0x00007ffe2b7b7000 	C:\windows\SYSTEM32\MSIMG32.dll
0x0000000067290000 - 0x0000000067428000 	C:\Program Files\Java\jdk1.8.0_161\jre\bin\awt.dll
0x00007ffe3bc20000 - 0x00007ffe3bce0000 	C:\windows\System32\OLEAUT32.dll
0x00007ffe38230000 - 0x00007ffe382ae000 	C:\windows\SYSTEM32\apphelp.dll
0x00007ffe38460000 - 0x00007ffe384f5000 	C:\windows\system32\uxtheme.dll
0x00007ffe3b400000 - 0x00007ffe3b566000 	C:\windows\System32\MSCTF.dll
0x00007ffe17b40000 - 0x00007ffe17be1000 	C:\Program Files\Common Files\microsoft shared\ink\tiptsf.dll
0x00007ffe36dd0000 - 0x00007ffe36dfa000 	C:\windows\system32\dwmapi.dll
0x00007ffe3b970000 - 0x00007ffe3bab5000 	C:\windows\System32\ole32.dll
0x00007ffe395d0000 - 0x00007ffe395e7000 	C:\windows\SYSTEM32\CRYPTSP.dll
0x00007ffe39050000 - 0x00007ffe39084000 	C:\windows\system32\rsaenh.dll
0x00007ffe39a50000 - 0x00007ffe39a75000 	C:\windows\SYSTEM32\bcrypt.dll
0x00007ffe39ab0000 - 0x00007ffe39ad9000 	C:\windows\SYSTEM32\USERENV.dll
0x00007ffe395f0000 - 0x00007ffe395fb000 	C:\windows\SYSTEM32\CRYPTBASE.dll
0x00007ffe391d0000 - 0x00007ffe39207000 	C:\windows\SYSTEM32\IPHLPAPI.DLL
0x00007ffe3b570000 - 0x00007ffe3b578000 	C:\windows\System32\NSI.dll
0x00007ffe2f4d0000 - 0x00007ffe2f4e6000 	C:\windows\SYSTEM32\dhcpcsvc6.DLL
0x00007ffe2f770000 - 0x00007ffe2f78a000 	C:\windows\SYSTEM32\dhcpcsvc.DLL
0x00000000679e0000 - 0x00000000679f1000 	C:\Program Files\Java\jdk1.8.0_161\jre\bin\nio.dll
0x0000000064a40000 - 0x0000000064a53000 	C:\Program Files\R\R-3.4.3\library\methods\libs\x64\methods.dll
0x000000006e5c0000 - 0x000000006e5ea000 	C:\Program Files\R\R-3.4.3\library\utils\libs\x64\utils.dll
0x000000006fc80000 - 0x000000006fd8b000 	C:\Program Files\R\R-3.4.3\library\grDevices\libs\x64\grDevices.dll
0x000000006ea80000 - 0x000000006eaa8000 	C:\Program Files\R\R-3.4.3\library\grid\libs\x64\grid.dll
0x0000000063740000 - 0x0000000063788000 	C:\Program Files\R\R-3.4.3\library\graphics\libs\x64\graphics.dll
0x000000006abc0000 - 0x000000006acc5000 	C:\Program Files\R\R-3.4.3\library\Rcpp\libs\x64\Rcpp.dll
0x00000000657c0000 - 0x00000000657d7000 	C:\Program Files\R\R-3.4.3\library\colorspace\libs\x64\colorspace.dll
0x0000000071100000 - 0x00000000711aa000 	C:\Program Files\R\R-3.4.3\library\stats\libs\x64\stats.dll
0x000000002fc50000 - 0x000000002ff10000 	C:\Program Files\R\R-3.4.3\bin\x64\Rlapack.dll
0x000000002ff10000 - 0x000000002ffcd000 	C:\Program Files\R\R-3.4.3\library\plyr\libs\x64\plyr.dll
0x0000000062dc0000 - 0x0000000062e82000 	C:\Program Files\R\R-3.4.3\library\scales\libs\x64\scales.dll
0x00000000629c0000 - 0x00000000629ce000 	C:\Program Files\R\R-3.4.3\library\lazyeval\libs\x64\lazyeval.dll
0x000000002ffd0000 - 0x000000002ffeb000 	C:\Program Files\R\R-3.4.3\library\rlang\libs\x64\rlang.dll
0x0000000061c00000 - 0x0000000061c0e000 	C:\Program Files\R\R-3.4.3\library\tibble\libs\x64\tibble.dll
0x0000000030760000 - 0x000000003076f000 	C:\Program Files\R\R-3.4.3\library\lattice\libs\x64\lattice.dll
0x000000006b1c0000 - 0x000000006b1dc000 	C:\Program Files\R\R-3.4.3\library\nlme\libs\x64\nlme.dll
0x0000000030a80000 - 0x0000000030a9f000 	C:\Program Files\R\R-3.4.3\library\tools\libs\x64\tools.dll
0x000000006bd40000 - 0x000000006c163000 	C:\Program Files\R\R-3.4.3\library\stringi\libs\x64\stringi.dll
0x000000006e680000 - 0x000000006e746000 	C:\Program Files\R\R-3.4.3\library\reshape2\libs\x64\reshape2.dll
0x0000000069080000 - 0x000000006914b000 	C:\Program Files\R\R-3.4.3\library\ModelMetrics\libs\x64\ModelMetrics.dll
0x0000000065800000 - 0x00000000658bd000 	C:\Program Files\R\R-3.4.3\library\Matrix\libs\x64\Matrix.dll
0x00007ffe39a80000 - 0x00007ffe39ab0000 	C:\windows\SYSTEM32\SspiCli.dll
0x00000000687c0000 - 0x000000006889b000 	C:\Program Files\R\R-3.4.3\library\RcppRoll\libs\x64\RcppRoll.dll
0x00000000375b0000 - 0x0000000037689000 	C:\Program Files\R\R-3.4.3\library\bindrcpp\libs\x64\bindrcpp.dll
0x0000000063400000 - 0x000000006340e000 	C:\Program Files\R\R-3.4.3\library\glue\libs\x64\glue.dll
0x0000000037750000 - 0x00000000379b6000 	C:\Program Files\R\R-3.4.3\library\dplyr\libs\x64\dplyr.dll
0x0000000065b40000 - 0x0000000065b4f000 	C:\Program Files\R\R-3.4.3\library\purrr\libs\x64\purrr.dll
0x000000006a8c0000 - 0x000000006a98b000 	C:\Program Files\R\R-3.4.3\library\tidyr\libs\x64\tidyr.dll
0x0000000070d40000 - 0x0000000070d82000 	C:\Program Files\R\R-3.4.3\library\mnormt\libs\x64\mnormt.dll
0x0000000062a80000 - 0x0000000062a8e000 	C:\Program Files\R\R-3.4.3\library\parallel\libs\x64\parallel.dll
0x00000000381c0000 - 0x00000000381e2000 	C:\Program Files\R\R-3.4.3\library\foreign\libs\x64\foreign.dll
0x000000006ed40000 - 0x000000006ed52000 	C:\Program Files\R\R-3.4.3\library\MASS\libs\x64\MASS.dll
0x00000000381f0000 - 0x00000000381ff000 	C:\Program Files\R\R-3.4.3\library\class\libs\x64\class.dll
0x000000006a100000 - 0x000000006a12e000 	C:\Program Files\R\R-3.4.3\library\robustbase\libs\x64\robustbase.dll
0x0000000069ac0000 - 0x0000000069bbc000 	C:\Program Files\R\R-3.4.3\library\ddalpha\libs\x64\ddalpha.dll
0x000000006c500000 - 0x000000006c5cf000 	C:\Program Files\R\R-3.4.3\library\kernlab\libs\x64\kernlab.dll
0x00000000703c0000 - 0x00000000703de000 	C:\Program Files\R\R-3.4.3\library\gower\libs\x64\gower.dll
0x0000000039810000 - 0x0000000039827000 	C:\Program Files\R\R-3.4.3\library\rpart\libs\x64\rpart.dll
0x000000006f7c0000 - 0x000000006f7cf000 	C:\Program Files\R\R-3.4.3\library\splines\libs\x64\splines.dll
0x00000000688c0000 - 0x00000000688ec000 	C:\Program Files\R\R-3.4.3\library\survival\libs\x64\survival.dll
0x000000006b480000 - 0x000000006b490000 	C:\Program Files\R\R-3.4.3\library\nnet\libs\x64\nnet.dll
0x00000000399a0000 - 0x00000000399b2000 	C:\Program Files\R\R-3.4.3\library\prodlim\libs\x64\prodlim.dll
0x0000000064640000 - 0x000000006464e000 	C:\Program Files\R\R-3.4.3\library\ipred\libs\x64\ipred.dll
0x00000000399c0000 - 0x0000000039a9b000 	C:\Program Files\R\R-3.4.3\library\lubridate\libs\x64\lubridate.dll
0x0000000068900000 - 0x00000000689c2000 	C:\Program Files\R\R-3.4.3\library\tidyselect\libs\x64\tidyselect.dll
0x0000000039d00000 - 0x0000000039d0e000 	C:\Program Files\R\R-3.4.3\library\caret\libs\x64\caret.dll
0x0000000019fb0000 - 0x000000001a057000 	C:\Users\dj2watso\.swt\lib\win32\x86_64\swt-win32-4763.dll
0x00007ffe3a970000 - 0x00007ffe3ab39000 	C:\windows\System32\CRYPT32.dll
0x00007ffe39c10000 - 0x00007ffe39c21000 	C:\windows\System32\MSASN1.dll
0x00007ffe34790000 - 0x00007ffe3481a000 	C:\windows\SYSTEM32\WINSPOOL.DRV
0x00007ffe35e00000 - 0x00007ffe35e19000 	C:\windows\SYSTEM32\USP10.dll
0x00007ffe24970000 - 0x00007ffe24c9e000 	C:\windows\SYSTEM32\WININET.dll
0x00007ffe36c00000 - 0x00007ffe36d96000 	C:\windows\SYSTEM32\propsys.dll
0x00007ffe3c000000 - 0x00007ffe3c09e000 	C:\windows\System32\clbcatq.dll
0x0000000069640000 - 0x000000006965a000 	C:\Program Files\R\R-3.4.3\library\rj.gd\libs\x64\rj.gd.dll
0x00007ffe23ee0000 - 0x00007ffe24089000 	C:\windows\SYSTEM32\dbghelp.dll

VM Arguments:
jvm_args: -Djava.security.policy=jar:file:/C:/Users/dj2watso/eclipse/java-oxygen/eclipse/../../../.p2/pool/plugins/de.walware.rj.server_2.1.0.b201703271500E46sw.jar!/localhost.policy -Djava.rmi.server.hostname=127.0.0.1 -Dfile.encoding=UTF-8 
java_command: de.walware.rj.server.RMIServerControl start rmi://127.0.0.1:51234/rjs-local-1521829162270 -auth=none -embedded -plugins=awt,swt,
java_class_path (initial): C:\Program Files\Java\jdk1.8.0_161\jre\lib\resources.jar;C:\Program Files\Java\jdk1.8.0_161\jre\lib\rt.jar;C:\Program Files\Java\jdk1.8.0_161\jre\lib\jsse.jar;C:\Program Files\Java\jdk1.8.0_161\jre\lib\jce.jar;C:\Program Files\Java\jdk1.8.0_161\jre\lib\charsets.jar;C:\Program Files\Java\jdk1.8.0_161\jre\lib\jfr.jar;C:\Program Files\Java\jdk1.8.0_161\jre\lib\ext\access-bridge-64.jar;C:\Program Files\Java\jdk1.8.0_161\jre\lib\ext\cldrdata.jar;C:\Program Files\Java\jdk1.8.0_161\jre\lib\ext\dnsns.jar;C:\Program Files\Java\jdk1.8.0_161\jre\lib\ext\jaccess.jar;C:\Program Files\Java\jdk1.8.0_161\jre\lib\ext\jfxrt.jar;C:\Program Files\Java\jdk1.8.0_161\jre\lib\ext\localedata.jar;C:\Program Files\Java\jdk1.8.0_161\jre\lib\ext\nashorn.jar;C:\Program Files\Java\jdk1.8.0_161\jre\lib\ext\sunec.jar;C:\Program Files\Java\jdk1.8.0_161\jre\lib\ext\sunjce_provider.jar;C:\Program Files\Java\jdk1.8.0_161\jre\lib\ext\sunmscapi.jar;C:\Program Files\Java\jdk1.8.0_161\jre\lib\ext\sunpkcs11.jar;C:\Program Files\Java\jdk1.8.0_161\jre\lib\ext\zipfs.jar;/C:/Users/dj2watso/eclipse/java-oxygen/eclipse/../../../.p2/pool/plugins/de.walware.rj.server_2.1.0.b201703271500E46sw.jar;/C:/Users/dj2watso/eclipse/java-oxygen/eclipse/../../../.p2/pool/plugins/de.walware.rj.data_2.1.0.b201703271500E46sw.jar;/C:/Users/dj2watso/eclipse/java-oxygen/eclipse/../../../.p2/pool/plugins/org.eclipse.swt_3.106.2.v20171129-0543.jar;/C:/Users/dj2watso/eclipse/java-oxygen/eclipse/../../../.p2/pool/plugins/org.eclipse.swt.win32.win32.x86_64_3.106.2.v20171129-0543.jar
Launcher Type: SUN_STANDARD

Environment Variables:
JAVA_HOME=C:\Program Files\Java\jdk1.8.0_161
PATH=C:\Rtools\bin;C:\Rtools\bin;C:\Program Files\R\R-3.4.3\bin\x64;C:/Program Files/Java/jre1.8.0_161/bin/server;C:/Program Files/Java/jre1.8.0_161/bin;C:/Program Files/Java/jre1.8.0_161/lib/amd64;C:\Program Files\Docker\Docker\Resources\bin;C:\Program Files (x86)\Intel\iCLS Client\;C:\Program Files\Intel\iCLS Client\;C:\ProgramData\Oracle\Java\javapath;C:\windows\system32;C:\windows;C:\windows\System32\Wbem;C:\windows\System32\WindowsPowerShell\v1.0\;C:\Program Files\PuTTY\;C:\Program Files (x86)\Intel\Intel(R) Management Engine Components\DAL;C:\Program Files\Intel\Intel(R) Management Engine Components\DAL;C:\Program Files (x86)\Intel\Intel(R) Management Engine Components\IPT;C:\Program Files\Intel\Intel(R) Management Engine Components\IPT;C:\Program Files\MiKTeX 2.9\miktex\bin\x64\;C:\Program Files\nodejs\;C:\Program Files\Git\cmd;C:\Program Files\Intel\WiFi\bin\;C:\Program Files\Common Files\Intel\WirelessCommon\;C:\Users\dj2watso\AppData\Local\Microsoft\WindowsApps;C:\Users\dj2watso\AppData\Roaming\npm;C:\Program Files\nodejs;C:\Program Files\gradle-4.5\bin;C:\Program Files\Android\tools;%ANDROID_HOME%C:\Users\dj2watso\AppData\Local\Android\Sdk;%ANDROID_SDK_ROOT%C:\Users\dj2watso\AppData\Local\Android\Sdk;C:\Users\dj2watso\AppData\Local\Android\Sdk\platform-tools;C:\Program Files\Intel\WiFi\bin\;C:\Program Files\Common Files\Intel\WirelessCommon\;C:\Users\dj2watso\eclipse-workspace\appTesting\replaykit-master\win32\;;C:\windows\system32;
USERNAME=dj2watso
OS=Windows_NT
PROCESSOR_IDENTIFIER=Intel64 Family 6 Model 142 Stepping 9, GenuineIntel



---------------  S Y S T E M  ---------------

OS: Windows 10.0 , 64 bit Build 15063 (10.0.15063.296)

CPU:total 4 (initial active 4) (2 cores per cpu, 2 threads per core) family 6 model 142 stepping 9, cmov, cx8, fxsr, mmx, sse, sse2, sse3, ssse3, sse4.1, sse4.2, popcnt, avx, avx2, aes, clmul, erms, 3dnowpref, lzcnt, ht, tsc, tscinvbit, bmi1, bmi2, adx

Memory: 4k page, physical 8240324k(2393924k free), swap 14269636k(4405632k free)

vm_info: Java HotSpot(TM) 64-Bit Server VM (25.161-b12) for windows-amd64 JRE (1.8.0_161-b12), built on Dec 19 2017 17:52:25 by "java_re" with MS VC++ 10.0 (VS2010)

time: Fri Mar 23 14:22:21 2018
elapsed time: 178 seconds (0d 0h 2m 58s)

